#
# There is insufficient memory for the Java Runtime Environment to continue.
# Native memory allocation (malloc) failed to allocate 3231376 bytes for Chunk::new
# Possible reasons:
#   The system is out of physical RAM or swap space
#   The process is running with CompressedOops enabled, and the Java Heap may be blocking the growth of the native heap
# Possible solutions:
#   Reduce memory load on the system
#   Increase physical memory or swap space
#   Check if swap backing store is full
#   Decrease Java heap size (-Xmx/-Xms)
#   Decrease number of Java threads
#   Decrease Java thread stack sizes (-Xss)
#   Set larger code cache with -XX:ReservedCodeCacheSize=
#   JVM is running with Unscaled Compressed Oops mode in which the Java heap is
#     placed in the first 4GB address space. The Java Heap base address is the
#     maximum limit for the native heap growth. Please use -XX:HeapBaseMinAddress
#     to set the Java Heap base and to place the Java Heap above 4GB virtual address.
# This output file may be truncated or incomplete.
#
#  Out of Memory Error (arena.cpp:189), pid=95264, tid=85088
#
# JRE version: OpenJDK Runtime Environment Temurin-17.0.4+8 (17.0.4+8) (build 17.0.4+8)
# Java VM: OpenJDK 64-Bit Server VM Temurin-17.0.4+8 (17.0.4+8, mixed mode, tiered, compressed oops, compressed class ptrs, parallel gc, windows-amd64)
# No core dump will be written. Minidumps are not enabled by default on client versions of Windows
#

---------------  S U M M A R Y ------------

Command Line: --add-modules=ALL-SYSTEM --add-opens=java.base/java.util=ALL-UNNAMED --add-opens=java.base/java.lang=ALL-UNNAMED --add-opens=java.base/sun.nio.fs=ALL-UNNAMED -Declipse.application=org.eclipse.jdt.ls.core.id1 -Dosgi.bundles.defaultStartLevel=4 -Declipse.product=org.eclipse.jdt.ls.core.product -Djava.import.generatesMetadataFilesAtProjectRoot=false -Dfile.encoding=utf8 -DwatchParentProcess=false -XX:+UseParallelGC -XX:GCTimeRatio=4 -XX:AdaptiveSizePolicyWeight=90 -Dsun.zip.disableMemoryMapping=true -Xmx1G -Xms100m -Xlog:jni+resolve=off -javaagent:c:\Users\HP\.vscode\extensions\redhat.java-1.10.0-win32-x64\lombok\lombok-1.18.24.jar -XX:+HeapDumpOnOutOfMemoryError -XX:HeapDumpPath=c:\Users\HP\AppData\Roaming\Code\User\workspaceStorage\ff886ca9076839c84b5b8a14ed8b690a\redhat.java c:\Users\HP\.vscode\extensions\redhat.java-1.10.0-win32-x64\server\plugins\org.eclipse.equinox.launcher_1.6.400.v20210924-0641.jar -configuration c:\Users\HP\AppData\Roaming\Code\User\globalStorage\redhat.java\1.10.0\config_win -data c:\Users\HP\AppData\Roaming\Code\User\workspaceStorage\ff886ca9076839c84b5b8a14ed8b690a\redhat.java\jdt_ws

Host: AMD Ryzen 5 3450U with Radeon Vega Mobile Gfx  , 8 cores, 5G,  Windows 11 , 64 bit Build 22000 (10.0.22000.708)
Time: Sun Dec 11 14:57:43 2022 India Standard Time elapsed time: 18.664984 seconds (0d 0h 0m 18s)

---------------  T H R E A D  ---------------

Current thread (0x0000013635ea8290):  JavaThread "C2 CompilerThread0" daemon [_thread_in_native, id=85088, stack(0x00000015db100000,0x00000015db200000)]


Current CompileTask:
C2:  18665 5323       4       org.objectweb.asm.ClassReader::readMethod (1066 bytes)

Stack: [0x00000015db100000,0x00000015db200000]
Native frames: (J=compiled Java code, j=interpreted, Vv=VM code, C=native code)
V  [jvm.dll+0x67733a]
V  [jvm.dll+0x8323c4]
V  [jvm.dll+0x833b6e]
V  [jvm.dll+0x8341d3]
V  [jvm.dll+0x2455e5]
V  [jvm.dll+0xabd7b]
V  [jvm.dll+0xac30c]
V  [jvm.dll+0x363a22]
V  [jvm.dll+0x1bbd88]
V  [jvm.dll+0x218629]
V  [jvm.dll+0x2178f1]
V  [jvm.dll+0x1a3f8d]
V  [jvm.dll+0x227308]
V  [jvm.dll+0x225455]
V  [jvm.dll+0x7e7eeb]
V  [jvm.dll+0x7e245a]
V  [jvm.dll+0x6761c5]
C  [ucrtbase.dll+0x26c0c]
C  [KERNEL32.DLL+0x154e0]
C  [ntdll.dll+0x485b]


---------------  P R O C E S S  ---------------

Threads class SMR info:
_java_thread_list=0x000001363c6065a0, length=26, elements={
0x000001361e60c4b0, 0x00000136343d9030, 0x00000136343db770, 0x0000013635e70fe0,
0x0000013635e758c0, 0x0000013635e76180, 0x0000013635ea5d50, 0x0000013635ea8290,
0x0000013635ead170, 0x0000013635eae300, 0x0000013636032d90, 0x0000013636033260,
0x0000013636031a50, 0x0000013636033730, 0x00000136360340d0, 0x0000013636030710,
0x0000013636030be0, 0x00000136360323f0, 0x0000013636031580, 0x00000136360328c0,
0x0000013636dec910, 0x0000013636deef90, 0x0000013636deb100, 0x0000013636dee5f0,
0x0000013636ded780, 0x0000013636de9dc0
}

Java Threads: ( => current thread )
  0x000001361e60c4b0 JavaThread "main" [_thread_blocked, id=42600, stack(0x00000015da800000,0x00000015da900000)]
  0x00000136343d9030 JavaThread "Reference Handler" daemon [_thread_blocked, id=72268, stack(0x00000015dab00000,0x00000015dac00000)]
  0x00000136343db770 JavaThread "Finalizer" daemon [_thread_blocked, id=89440, stack(0x00000015dac00000,0x00000015dad00000)]
  0x0000013635e70fe0 JavaThread "Signal Dispatcher" daemon [_thread_blocked, id=93352, stack(0x00000015dad00000,0x00000015dae00000)]
  0x0000013635e758c0 JavaThread "Attach Listener" daemon [_thread_blocked, id=88460, stack(0x00000015dae00000,0x00000015daf00000)]
  0x0000013635e76180 JavaThread "Service Thread" daemon [_thread_blocked, id=70968, stack(0x00000015daf00000,0x00000015db000000)]
  0x0000013635ea5d50 JavaThread "Monitor Deflation Thread" daemon [_thread_blocked, id=88700, stack(0x00000015db000000,0x00000015db100000)]
=>0x0000013635ea8290 JavaThread "C2 CompilerThread0" daemon [_thread_in_native, id=85088, stack(0x00000015db100000,0x00000015db200000)]
  0x0000013635ead170 JavaThread "C1 CompilerThread0" daemon [_thread_blocked, id=59756, stack(0x00000015db200000,0x00000015db300000)]
  0x0000013635eae300 JavaThread "Sweeper thread" daemon [_thread_blocked, id=64092, stack(0x00000015db300000,0x00000015db400000)]
  0x0000013636032d90 JavaThread "Common-Cleaner" daemon [_thread_blocked, id=80016, stack(0x00000015db400000,0x00000015db500000)]
  0x0000013636033260 JavaThread "Notification Thread" daemon [_thread_blocked, id=79840, stack(0x00000015db500000,0x00000015db600000)]
  0x0000013636031a50 JavaThread "Active Thread: Equinox Container: f710a275-4403-4408-a19e-0080ad67bd1d" [_thread_blocked, id=94560, stack(0x00000015dbc00000,0x00000015dbd00000)]
  0x0000013636033730 JavaThread "Framework Event Dispatcher: Equinox Container: f710a275-4403-4408-a19e-0080ad67bd1d" daemon [_thread_blocked, id=37916, stack(0x00000015dbd00000,0x00000015dbe00000)]
  0x00000136360340d0 JavaThread "Start Level: Equinox Container: f710a275-4403-4408-a19e-0080ad67bd1d" daemon [_thread_blocked, id=56360, stack(0x00000015dbe00000,0x00000015dbf00000)]
  0x0000013636030710 JavaThread "SCR Component Actor" daemon [_thread_blocked, id=91040, stack(0x00000015dbf00000,0x00000015dc000000)]
  0x0000013636030be0 JavaThread "Bundle File Closer" daemon [_thread_blocked, id=94236, stack(0x00000015dc300000,0x00000015dc400000)]
  0x00000136360323f0 JavaThread "Worker-JM" [_thread_blocked, id=54628, stack(0x00000015dc400000,0x00000015dc500000)]
  0x0000013636031580 JavaThread "Worker-0" [_thread_blocked, id=55536, stack(0x00000015dc500000,0x00000015dc600000)]
  0x00000136360328c0 JavaThread "Worker-1: Initialize workspace" [_thread_blocked, id=87352, stack(0x00000015dc600000,0x00000015dc700000)]
  0x0000013636dec910 JavaThread "Worker-2" [_thread_blocked, id=93980, stack(0x00000015dc700000,0x00000015dc800000)]
  0x0000013636deef90 JavaThread "Worker-3" [_thread_blocked, id=88420, stack(0x00000015dc800000,0x00000015dc900000)]
  0x0000013636deb100 JavaThread "Worker-4" [_thread_blocked, id=95380, stack(0x00000015dc900000,0x00000015dca00000)]
  0x0000013636dee5f0 JavaThread "Java indexing" daemon [_thread_blocked, id=95388, stack(0x00000015dca00000,0x00000015dcb00000)]
  0x0000013636ded780 JavaThread "pool-1-thread-1" [_thread_in_vm, id=77980, stack(0x00000015dcb00000,0x00000015dcc00000)]
  0x0000013636de9dc0 JavaThread "ForkJoinPool.commonPool-worker-1" daemon [_thread_blocked, id=95748, stack(0x00000015dc200000,0x00000015dc300000)]

Other Threads:
  0x000001361e6ce980 VMThread "VM Thread" [stack: 0x00000015daa00000,0x00000015dab00000] [id=65624]
  0x000001363617e960 WatcherThread [stack: 0x00000015db600000,0x00000015db700000] [id=89628]
  0x000001361e622e10 GCTaskThread "GC Thread#0" [stack: 0x00000015da900000,0x00000015daa00000] [id=96560]
  0x0000013637370260 GCTaskThread "GC Thread#1" [stack: 0x00000015db700000,0x00000015db800000] [id=82664]
  0x00000136373d4810 GCTaskThread "GC Thread#2" [stack: 0x00000015db800000,0x00000015db900000] [id=74336]
  0x00000136373d4ac0 GCTaskThread "GC Thread#3" [stack: 0x00000015db900000,0x00000015dba00000] [id=86300]
  0x00000136373d4d70 GCTaskThread "GC Thread#4" [stack: 0x00000015dba00000,0x00000015dbb00000] [id=94200]
  0x00000136373d5020 GCTaskThread "GC Thread#5" [stack: 0x00000015dbb00000,0x00000015dbc00000] [id=25452]
  0x000001363751a3a0 GCTaskThread "GC Thread#6" [stack: 0x00000015dc000000,0x00000015dc100000] [id=91628]
  0x00000136375348f0 GCTaskThread "GC Thread#7" [stack: 0x00000015dc100000,0x00000015dc200000] [id=87700]

Threads with active compile tasks:
C2 CompilerThread0    18758 5323       4       org.objectweb.asm.ClassReader::readMethod (1066 bytes)
C1 CompilerThread0    18758 5804       2       org.eclipse.jdt.internal.core.JavaProject::equals (35 bytes)

VM state: not at safepoint (normal execution)

VM Mutex/Monitor currently owned by a thread: None

Heap address: 0x00000000c0000000, size: 1024 MB, Compressed Oops mode: 32-bit

CDS archive(s) not mapped
Compressed class space mapped at: 0x0000000100000000-0x0000000140000000, reserved size: 1073741824
Narrow klass base: 0x0000000000000000, Narrow klass shift: 3, Narrow klass range: 0x140000000

GC Precious Log:
 CPUs: 8 total, 8 available
 Memory: 6020M
 Large Page Support: Disabled
 NUMA Support: Disabled
 Compressed Oops: Enabled (32-bit)
 Alignments: Space 512K, Generation 512K, Heap 2M
 Heap Min Capacity: 100M
 Heap Initial Capacity: 100M
 Heap Max Capacity: 1G
 Pre-touch: Disabled
 Parallel Workers: 8

Heap:
 PSYoungGen      total 22016K, used 7058K [0x00000000eab00000, 0x00000000ec300000, 0x0000000100000000)
  eden space 21504K, 30% used [0x00000000eab00000,0x00000000eb168380,0x00000000ec000000)
  from space 512K, 97% used [0x00000000ec180000,0x00000000ec1fc840,0x00000000ec200000)
  to   space 1536K, 0% used [0x00000000ec000000,0x00000000ec000000,0x00000000ec180000)
 ParOldGen       total 68608K, used 32272K [0x00000000c0000000, 0x00000000c4300000, 0x00000000eab00000)
  object space 68608K, 47% used [0x00000000c0000000,0x00000000c1f841a0,0x00000000c4300000)
 Metaspace       used 54963K, committed 55744K, reserved 1105920K
  class space    used 5833K, committed 6208K, reserved 1048576K

Card table byte_map: [0x0000013631c50000,0x0000013631e60000] _byte_map_base: 0x0000013631650000

Marking Bits: (ParMarkBitMap*) 0x00007ffd4efa2cd0
 Begin Bits: [0x0000013631fc0000, 0x0000013632fc0000)
 End Bits:   [0x0000013632fc0000, 0x0000013633fc0000)

Polling page: 0x000001361e6d0000

Metaspace:

Usage:
  Non-class:     47.98 MB used.
      Class:      5.70 MB used.
       Both:     53.67 MB used.

Virtual space:
  Non-class space:       56.00 MB reserved,      48.38 MB ( 86%) committed,  7 nodes.
      Class space:        1.00 GB reserved,       6.06 MB ( <1%) committed,  1 nodes.
             Both:        1.05 GB reserved,      54.44 MB (  5%) committed. 

Chunk freelists:
   Non-Class:  2.94 MB
       Class:  1.81 MB
        Both:  4.75 MB

MaxMetaspaceSize: unlimited
CompressedClassSpaceSize: 1.00 GB
Initial GC threshold: 21.00 MB
Current GC threshold: 58.38 MB
CDS: off
MetaspaceReclaimPolicy: balanced
 - commit_granule_bytes: 65536.
 - commit_granule_words: 8192.
 - virtual_space_node_default_size: 1048576.
 - enlarge_chunks_in_place: 1.
 - new_chunks_are_fully_committed: 0.
 - uncommit_free_chunks: 1.
 - use_allocation_guard: 0.
 - handle_deallocations: 1.


Internal statistics:

num_allocs_failed_limit: 6.
num_arena_births: 352.
num_arena_deaths: 14.
num_vsnodes_births: 8.
num_vsnodes_deaths: 0.
num_space_committed: 871.
num_space_uncommitted: 0.
num_chunks_returned_to_freelist: 20.
num_chunks_taken_from_freelist: 2425.
num_chunk_merges: 10.
num_chunk_splits: 1537.
num_chunks_enlarged: 935.
num_purges: 2.
num_inconsistent_stats: 0.

CodeHeap 'non-profiled nmethods': size=120000Kb used=2182Kb max_used=2182Kb free=117817Kb
 bounds [0x000001362a530000, 0x000001362a7a0000, 0x0000013631a60000]
CodeHeap 'profiled nmethods': size=120000Kb used=11788Kb max_used=11788Kb free=108211Kb
 bounds [0x0000013623000000, 0x0000013623b90000, 0x000001362a530000]
CodeHeap 'non-nmethods': size=5760Kb used=1308Kb max_used=1322Kb free=4451Kb
 bounds [0x0000013622a60000, 0x0000013622cd0000, 0x0000013623000000]
 total_blobs=6321 nmethods=5677 adapters=556
 compilation: enabled
              stopped_count=0, restarted_count=0
 full_count=0

Compilation events (20 events):
Event: 18.643 Thread 0x0000013635ead170 nmethod 5720 0x000001362a74f390 code [0x000001362a74f520, 0x000001362a74f5f8]
Event: 18.643 Thread 0x0000013635ead170 5723       2       org.eclipse.jdt.internal.core.JavaElement::getJavaProject (5 bytes)
Event: 18.643 Thread 0x0000013635ead170 nmethod 5723 0x0000013623b57b10 code [0x0000013623b57ca0, 0x0000013623b57dc8]
Event: 18.643 Thread 0x0000013635ead170 5722       1       org.eclipse.jdt.internal.compiler.classfmt.MethodInfo::getTypeAnnotations (2 bytes)
Event: 18.643 Thread 0x0000013635ead170 nmethod 5722 0x000001362a74f690 code [0x000001362a74f820, 0x000001362a74f8f8]
Event: 18.647 Thread 0x0000013635ead170 5724       1       org.eclipse.jdt.internal.core.BinaryType::getElementType (3 bytes)
Event: 18.648 Thread 0x0000013635ead170 nmethod 5724 0x000001362a74f990 code [0x000001362a74fb20, 0x000001362a74fbf8]
Event: 18.648 Thread 0x0000013635ead170 5725       1       org.eclipse.jdt.internal.core.SingleTypeRequestor::getType (5 bytes)
Event: 18.648 Thread 0x0000013635ead170 nmethod 5725 0x000001362a74fc90 code [0x000001362a74fe20, 0x000001362a74fef8]
Event: 18.648 Thread 0x0000013635ead170 5726       1       org.eclipse.jdt.internal.core.JarPackageFragmentRoot::internalKind (2 bytes)
Event: 18.648 Thread 0x0000013635ead170 nmethod 5726 0x000001362a74ff90 code [0x000001362a750120, 0x000001362a7501f8]
Event: 18.648 Thread 0x0000013635ead170 5727   !   2       org.eclipse.jdt.internal.core.ClassFile::existsUsingJarTypeCache (161 bytes)
Event: 18.650 Thread 0x0000013635ead170 nmethod 5727 0x0000013623b57e90 code [0x0000013623b58100, 0x0000013623b58918]
Event: 18.654 Thread 0x0000013635ead170 5728       2       org.eclipse.jdt.core.compiler.CharOperation::splitOn (159 bytes)
Event: 18.655 Thread 0x0000013635ead170 nmethod 5728 0x0000013623b58e10 code [0x0000013623b59000, 0x0000013623b59798]
Event: 18.657 Thread 0x0000013635ead170 5729   !   2       java.nio.channels.spi.AbstractInterruptibleChannel::close (37 bytes)
Event: 18.658 Thread 0x0000013635ead170 nmethod 5729 0x0000013623b59b10 code [0x0000013623b59cc0, 0x0000013623b59f48]
Event: 18.658 Thread 0x0000013635ead170 5730       2       org.eclipse.jdt.internal.compiler.classfmt.MethodInfo::<init> (24 bytes)
Event: 18.658 Thread 0x0000013635ead170 nmethod 5730 0x0000013623b5a090 code [0x0000013623b5a220, 0x0000013623b5a378]
Event: 18.658 Thread 0x0000013635ead170 5731       2       org.eclipse.jdt.internal.compiler.classfmt.MethodInfo::createMethod (713 bytes)

GC Heap History (20 events):
Event: 12.633 GC heap before
{Heap before GC invocations=15 (full 2):
 PSYoungGen      total 22528K, used 22528K [0x00000000eab00000, 0x00000000ec880000, 0x0000000100000000)
  eden space 22016K, 100% used [0x00000000eab00000,0x00000000ec080000,0x00000000ec080000)
  from space 512K, 100% used [0x00000000ec480000,0x00000000ec500000,0x00000000ec500000)
  to   space 4096K, 0% used [0x00000000ec080000,0x00000000ec080000,0x00000000ec480000)
 ParOldGen       total 68608K, used 17096K [0x00000000c0000000, 0x00000000c4300000, 0x00000000eab00000)
  object space 68608K, 24% used [0x00000000c0000000,0x00000000c10b2250,0x00000000c4300000)
 Metaspace       used 44535K, committed 45248K, reserved 1089536K
  class space    used 4782K, committed 5120K, reserved 1048576K
}
Event: 12.638 GC heap after
{Heap after GC invocations=15 (full 2):
 PSYoungGen      total 24576K, used 2176K [0x00000000eab00000, 0x00000000ec680000, 0x0000000100000000)
  eden space 22016K, 0% used [0x00000000eab00000,0x00000000eab00000,0x00000000ec080000)
  from space 2560K, 85% used [0x00000000ec080000,0x00000000ec2a0020,0x00000000ec300000)
  to   space 3072K, 0% used [0x00000000ec380000,0x00000000ec380000,0x00000000ec680000)
 ParOldGen       total 68608K, used 17640K [0x00000000c0000000, 0x00000000c4300000, 0x00000000eab00000)
  object space 68608K, 25% used [0x00000000c0000000,0x00000000c113a250,0x00000000c4300000)
 Metaspace       used 44535K, committed 45248K, reserved 1089536K
  class space    used 4782K, committed 5120K, reserved 1048576K
}
Event: 12.889 GC heap before
{Heap before GC invocations=16 (full 2):
 PSYoungGen      total 24576K, used 24192K [0x00000000eab00000, 0x00000000ec680000, 0x0000000100000000)
  eden space 22016K, 100% used [0x00000000eab00000,0x00000000ec080000,0x00000000ec080000)
  from space 2560K, 85% used [0x00000000ec080000,0x00000000ec2a0020,0x00000000ec300000)
  to   space 3072K, 0% used [0x00000000ec380000,0x00000000ec380000,0x00000000ec680000)
 ParOldGen       total 68608K, used 17640K [0x00000000c0000000, 0x00000000c4300000, 0x00000000eab00000)
  object space 68608K, 25% used [0x00000000c0000000,0x00000000c113a250,0x00000000c4300000)
 Metaspace       used 44900K, committed 45632K, reserved 1089536K
  class space    used 4835K, committed 5184K, reserved 1048576K
}
Event: 12.894 GC heap after
{Heap after GC invocations=16 (full 2):
 PSYoungGen      total 24064K, used 2016K [0x00000000eab00000, 0x00000000ec580000, 0x0000000100000000)
  eden space 22016K, 0% used [0x00000000eab00000,0x00000000eab00000,0x00000000ec080000)
  from space 2048K, 98% used [0x00000000ec380000,0x00000000ec578000,0x00000000ec580000)
  to   space 2560K, 0% used [0x00000000ec080000,0x00000000ec080000,0x00000000ec300000)
 ParOldGen       total 68608K, used 19672K [0x00000000c0000000, 0x00000000c4300000, 0x00000000eab00000)
  object space 68608K, 28% used [0x00000000c0000000,0x00000000c1336280,0x00000000c4300000)
 Metaspace       used 44900K, committed 45632K, reserved 1089536K
  class space    used 4835K, committed 5184K, reserved 1048576K
}
Event: 13.104 GC heap before
{Heap before GC invocations=17 (full 2):
 PSYoungGen      total 24064K, used 24032K [0x00000000eab00000, 0x00000000ec580000, 0x0000000100000000)
  eden space 22016K, 100% used [0x00000000eab00000,0x00000000ec080000,0x00000000ec080000)
  from space 2048K, 98% used [0x00000000ec380000,0x00000000ec578000,0x00000000ec580000)
  to   space 2560K, 0% used [0x00000000ec080000,0x00000000ec080000,0x00000000ec300000)
 ParOldGen       total 68608K, used 19672K [0x00000000c0000000, 0x00000000c4300000, 0x00000000eab00000)
  object space 68608K, 28% used [0x00000000c0000000,0x00000000c1336280,0x00000000c4300000)
 Metaspace       used 45071K, committed 45760K, reserved 1089536K
  class space    used 4856K, committed 5184K, reserved 1048576K
}
Event: 13.108 GC heap after
{Heap after GC invocations=17 (full 2):
 PSYoungGen      total 24576K, used 2368K [0x00000000eab00000, 0x00000000ec580000, 0x0000000100000000)
  eden space 22016K, 0% used [0x00000000eab00000,0x00000000eab00000,0x00000000ec080000)
  from space 2560K, 92% used [0x00000000ec080000,0x00000000ec2d0010,0x00000000ec300000)
  to   space 2560K, 0% used [0x00000000ec300000,0x00000000ec300000,0x00000000ec580000)
 ParOldGen       total 68608K, used 22048K [0x00000000c0000000, 0x00000000c4300000, 0x00000000eab00000)
  object space 68608K, 32% used [0x00000000c0000000,0x00000000c1588290,0x00000000c4300000)
 Metaspace       used 45071K, committed 45760K, reserved 1089536K
  class space    used 4856K, committed 5184K, reserved 1048576K
}
Event: 13.217 GC heap before
{Heap before GC invocations=18 (full 2):
 PSYoungGen      total 24576K, used 24384K [0x00000000eab00000, 0x00000000ec580000, 0x0000000100000000)
  eden space 22016K, 100% used [0x00000000eab00000,0x00000000ec080000,0x00000000ec080000)
  from space 2560K, 92% used [0x00000000ec080000,0x00000000ec2d0010,0x00000000ec300000)
  to   space 2560K, 0% used [0x00000000ec300000,0x00000000ec300000,0x00000000ec580000)
 ParOldGen       total 68608K, used 22048K [0x00000000c0000000, 0x00000000c4300000, 0x00000000eab00000)
  object space 68608K, 32% used [0x00000000c0000000,0x00000000c1588290,0x00000000c4300000)
 Metaspace       used 45154K, committed 45888K, reserved 1089536K
  class space    used 4863K, committed 5184K, reserved 1048576K
}
Event: 13.225 GC heap after
{Heap after GC invocations=18 (full 2):
 PSYoungGen      total 24064K, used 2545K [0x00000000eab00000, 0x00000000ec680000, 0x0000000100000000)
  eden space 21504K, 0% used [0x00000000eab00000,0x00000000eab00000,0x00000000ec000000)
  from space 2560K, 99% used [0x00000000ec300000,0x00000000ec57c7d0,0x00000000ec580000)
  to   space 3072K, 0% used [0x00000000ec000000,0x00000000ec000000,0x00000000ec300000)
 ParOldGen       total 68608K, used 24228K [0x00000000c0000000, 0x00000000c4300000, 0x00000000eab00000)
  object space 68608K, 35% used [0x00000000c0000000,0x00000000c17a9018,0x00000000c4300000)
 Metaspace       used 45154K, committed 45888K, reserved 1089536K
  class space    used 4863K, committed 5184K, reserved 1048576K
}
Event: 13.334 GC heap before
{Heap before GC invocations=19 (full 2):
 PSYoungGen      total 24064K, used 24049K [0x00000000eab00000, 0x00000000ec680000, 0x0000000100000000)
  eden space 21504K, 100% used [0x00000000eab00000,0x00000000ec000000,0x00000000ec000000)
  from space 2560K, 99% used [0x00000000ec300000,0x00000000ec57c7d0,0x00000000ec580000)
  to   space 3072K, 0% used [0x00000000ec000000,0x00000000ec000000,0x00000000ec300000)
 ParOldGen       total 68608K, used 24228K [0x00000000c0000000, 0x00000000c4300000, 0x00000000eab00000)
  object space 68608K, 35% used [0x00000000c0000000,0x00000000c17a9018,0x00000000c4300000)
 Metaspace       used 45303K, committed 46080K, reserved 1089536K
  class space    used 4873K, committed 5248K, reserved 1048576K
}
Event: 13.343 GC heap after
{Heap after GC invocations=19 (full 2):
 PSYoungGen      total 24064K, used 2432K [0x00000000eab00000, 0x00000000ec500000, 0x0000000100000000)
  eden space 21504K, 0% used [0x00000000eab00000,0x00000000eab00000,0x00000000ec000000)
  from space 2560K, 95% used [0x00000000ec000000,0x00000000ec260010,0x00000000ec280000)
  to   space 2560K, 0% used [0x00000000ec280000,0x00000000ec280000,0x00000000ec500000)
 ParOldGen       total 68608K, used 26644K [0x00000000c0000000, 0x00000000c4300000, 0x00000000eab00000)
  object space 68608K, 38% used [0x00000000c0000000,0x00000000c1a05018,0x00000000c4300000)
 Metaspace       used 45303K, committed 46080K, reserved 1089536K
  class space    used 4873K, committed 5248K, reserved 1048576K
}
Event: 13.869 GC heap before
{Heap before GC invocations=20 (full 2):
 PSYoungGen      total 24064K, used 23936K [0x00000000eab00000, 0x00000000ec500000, 0x0000000100000000)
  eden space 21504K, 100% used [0x00000000eab00000,0x00000000ec000000,0x00000000ec000000)
  from space 2560K, 95% used [0x00000000ec000000,0x00000000ec260010,0x00000000ec280000)
  to   space 2560K, 0% used [0x00000000ec280000,0x00000000ec280000,0x00000000ec500000)
 ParOldGen       total 68608K, used 26644K [0x00000000c0000000, 0x00000000c4300000, 0x00000000eab00000)
  object space 68608K, 38% used [0x00000000c0000000,0x00000000c1a05018,0x00000000c4300000)
 Metaspace       used 47685K, committed 48512K, reserved 1097728K
  class space    used 5107K, committed 5504K, reserved 1048576K
}
Event: 13.874 GC heap after
{Heap after GC invocations=20 (full 2):
 PSYoungGen      total 24064K, used 1897K [0x00000000eab00000, 0x00000000ec500000, 0x0000000100000000)
  eden space 21504K, 0% used [0x00000000eab00000,0x00000000eab00000,0x00000000ec000000)
  from space 2560K, 74% used [0x00000000ec280000,0x00000000ec45a598,0x00000000ec500000)
  to   space 2560K, 0% used [0x00000000ec000000,0x00000000ec000000,0x00000000ec280000)
 ParOldGen       total 68608K, used 28991K [0x00000000c0000000, 0x00000000c4300000, 0x00000000eab00000)
  object space 68608K, 42% used [0x00000000c0000000,0x00000000c1c4fc00,0x00000000c4300000)
 Metaspace       used 47685K, committed 48512K, reserved 1097728K
  class space    used 5107K, committed 5504K, reserved 1048576K
}
Event: 15.792 GC heap before
{Heap before GC invocations=21 (full 2):
 PSYoungGen      total 24064K, used 23401K [0x00000000eab00000, 0x00000000ec500000, 0x0000000100000000)
  eden space 21504K, 100% used [0x00000000eab00000,0x00000000ec000000,0x00000000ec000000)
  from space 2560K, 74% used [0x00000000ec280000,0x00000000ec45a598,0x00000000ec500000)
  to   space 2560K, 0% used [0x00000000ec000000,0x00000000ec000000,0x00000000ec280000)
 ParOldGen       total 68608K, used 28991K [0x00000000c0000000, 0x00000000c4300000, 0x00000000eab00000)
  object space 68608K, 42% used [0x00000000c0000000,0x00000000c1c4fc00,0x00000000c4300000)
 Metaspace       used 49125K, committed 49920K, reserved 1097728K
  class space    used 5288K, committed 5696K, reserved 1048576K
}
Event: 15.796 GC heap after
{Heap after GC invocations=21 (full 2):
 PSYoungGen      total 22528K, used 720K [0x00000000eab00000, 0x00000000ec300000, 0x0000000100000000)
  eden space 21504K, 0% used [0x00000000eab00000,0x00000000eab00000,0x00000000ec000000)
  from space 1024K, 70% used [0x00000000ec000000,0x00000000ec0b4028,0x00000000ec100000)
  to   space 1536K, 0% used [0x00000000ec180000,0x00000000ec180000,0x00000000ec300000)
 ParOldGen       total 68608K, used 30747K [0x00000000c0000000, 0x00000000c4300000, 0x00000000eab00000)
  object space 68608K, 44% used [0x00000000c0000000,0x00000000c1e06c00,0x00000000c4300000)
 Metaspace       used 49125K, committed 49920K, reserved 1097728K
  class space    used 5288K, committed 5696K, reserved 1048576K
}
Event: 16.574 GC heap before
{Heap before GC invocations=22 (full 2):
 PSYoungGen      total 22528K, used 22224K [0x00000000eab00000, 0x00000000ec300000, 0x0000000100000000)
  eden space 21504K, 100% used [0x00000000eab00000,0x00000000ec000000,0x00000000ec000000)
  from space 1024K, 70% used [0x00000000ec000000,0x00000000ec0b4028,0x00000000ec100000)
  to   space 1536K, 0% used [0x00000000ec180000,0x00000000ec180000,0x00000000ec300000)
 ParOldGen       total 68608K, used 30747K [0x00000000c0000000, 0x00000000c4300000, 0x00000000eab00000)
  object space 68608K, 44% used [0x00000000c0000000,0x00000000c1e06c00,0x00000000c4300000)
 Metaspace       used 50030K, committed 50880K, reserved 1097728K
  class space    used 5357K, committed 5760K, reserved 1048576K
}
Event: 16.577 GC heap after
{Heap after GC invocations=22 (full 2):
 PSYoungGen      total 23040K, used 984K [0x00000000eab00000, 0x00000000ec300000, 0x0000000100000000)
  eden space 21504K, 0% used [0x00000000eab00000,0x00000000eab00000,0x00000000ec000000)
  from space 1536K, 64% used [0x00000000ec180000,0x00000000ec2763b0,0x00000000ec300000)
  to   space 1536K, 0% used [0x00000000ec000000,0x00000000ec000000,0x00000000ec180000)
 ParOldGen       total 68608K, used 31333K [0x00000000c0000000, 0x00000000c4300000, 0x00000000eab00000)
  object space 68608K, 45% used [0x00000000c0000000,0x00000000c1e996d0,0x00000000c4300000)
 Metaspace       used 50030K, committed 50880K, reserved 1097728K
  class space    used 5357K, committed 5760K, reserved 1048576K
}
Event: 16.927 GC heap before
{Heap before GC invocations=23 (full 2):
 PSYoungGen      total 23040K, used 22488K [0x00000000eab00000, 0x00000000ec300000, 0x0000000100000000)
  eden space 21504K, 100% used [0x00000000eab00000,0x00000000ec000000,0x00000000ec000000)
  from space 1536K, 64% used [0x00000000ec180000,0x00000000ec2763b0,0x00000000ec300000)
  to   space 1536K, 0% used [0x00000000ec000000,0x00000000ec000000,0x00000000ec180000)
 ParOldGen       total 68608K, used 31333K [0x00000000c0000000, 0x00000000c4300000, 0x00000000eab00000)
  object space 68608K, 45% used [0x00000000c0000000,0x00000000c1e996d0,0x00000000c4300000)
 Metaspace       used 50651K, committed 51520K, reserved 1097728K
  class space    used 5413K, committed 5824K, reserved 1048576K
}
Event: 16.928 GC heap after
{Heap after GC invocations=23 (full 2):
 PSYoungGen      total 23040K, used 160K [0x00000000eab00000, 0x00000000ec200000, 0x0000000100000000)
  eden space 21504K, 0% used [0x00000000eab00000,0x00000000eab00000,0x00000000ec000000)
  from space 1536K, 10% used [0x00000000ec000000,0x00000000ec028000,0x00000000ec180000)
  to   space 512K, 0% used [0x00000000ec180000,0x00000000ec180000,0x00000000ec200000)
 ParOldGen       total 68608K, used 31509K [0x00000000c0000000, 0x00000000c4300000, 0x00000000eab00000)
  object space 68608K, 45% used [0x00000000c0000000,0x00000000c1ec56d0,0x00000000c4300000)
 Metaspace       used 50651K, committed 51520K, reserved 1097728K
  class space    used 5413K, committed 5824K, reserved 1048576K
}
Event: 18.365 GC heap before
{Heap before GC invocations=24 (full 2):
 PSYoungGen      total 23040K, used 21651K [0x00000000eab00000, 0x00000000ec200000, 0x0000000100000000)
  eden space 21504K, 99% used [0x00000000eab00000,0x00000000ebffcc70,0x00000000ec000000)
  from space 1536K, 10% used [0x00000000ec000000,0x00000000ec028000,0x00000000ec180000)
  to   space 512K, 0% used [0x00000000ec180000,0x00000000ec180000,0x00000000ec200000)
 ParOldGen       total 68608K, used 31509K [0x00000000c0000000, 0x00000000c4300000, 0x00000000eab00000)
  object space 68608K, 45% used [0x00000000c0000000,0x00000000c1ec56d0,0x00000000c4300000)
 Metaspace       used 54108K, committed 54912K, reserved 1105920K
  class space    used 5757K, committed 6144K, reserved 1048576K
}
Event: 18.369 GC heap after
{Heap after GC invocations=24 (full 2):
 PSYoungGen      total 22016K, used 498K [0x00000000eab00000, 0x00000000ec300000, 0x0000000100000000)
  eden space 21504K, 0% used [0x00000000eab00000,0x00000000eab00000,0x00000000ec000000)
  from space 512K, 97% used [0x00000000ec180000,0x00000000ec1fc840,0x00000000ec200000)
  to   space 1536K, 0% used [0x00000000ec000000,0x00000000ec000000,0x00000000ec180000)
 ParOldGen       total 68608K, used 32272K [0x00000000c0000000, 0x00000000c4300000, 0x00000000eab00000)
  object space 68608K, 47% used [0x00000000c0000000,0x00000000c1f841a0,0x00000000c4300000)
 Metaspace       used 54108K, committed 54912K, reserved 1105920K
  class space    used 5757K, committed 6144K, reserved 1048576K
}

Deoptimization events (20 events):
Event: 16.401 Thread 0x00000136360328c0 DEOPT PACKING pc=0x000001362a666b20 sp=0x00000015dc6f9c10
Event: 16.401 Thread 0x00000136360328c0 DEOPT UNPACKING pc=0x0000013622ab20a3 sp=0x00000015dc6f9b98 mode 2
Event: 16.401 Thread 0x00000136360328c0 Uncommon trap: trap_request=0xffffffde fr.pc=0x000001362a666b20 relative=0x0000000000008060
Event: 16.401 Thread 0x00000136360328c0 Uncommon trap: reason=class_check action=maybe_recompile pc=0x000001362a666b20 method=lombok.patcher.PatchScript$MethodPatcher.visitMethod(ILjava/lang/String;Ljava/lang/String;Ljava/lang/String;[Ljava/lang/String;)Lorg/objectweb/asm/MethodVisitor; @ 101 c
Event: 16.401 Thread 0x00000136360328c0 DEOPT PACKING pc=0x000001362a666b20 sp=0x00000015dc6f9c10
Event: 16.401 Thread 0x00000136360328c0 DEOPT UNPACKING pc=0x0000013622ab20a3 sp=0x00000015dc6f9b98 mode 2
Event: 16.401 Thread 0x00000136360328c0 Uncommon trap: trap_request=0xffffffde fr.pc=0x000001362a666b20 relative=0x0000000000008060
Event: 16.401 Thread 0x00000136360328c0 Uncommon trap: reason=class_check action=maybe_recompile pc=0x000001362a666b20 method=lombok.patcher.PatchScript$MethodPatcher.visitMethod(ILjava/lang/String;Ljava/lang/String;Ljava/lang/String;[Ljava/lang/String;)Lorg/objectweb/asm/MethodVisitor; @ 101 c
Event: 16.401 Thread 0x00000136360328c0 DEOPT PACKING pc=0x000001362a666b20 sp=0x00000015dc6f9c10
Event: 16.401 Thread 0x00000136360328c0 DEOPT UNPACKING pc=0x0000013622ab20a3 sp=0x00000015dc6f9b98 mode 2
Event: 17.069 Thread 0x00000136360328c0 DEOPT PACKING pc=0x00000136231e23a3 sp=0x00000015dc6f8a40
Event: 17.069 Thread 0x00000136360328c0 DEOPT UNPACKING pc=0x0000013622ab2843 sp=0x00000015dc6f7f78 mode 0
Event: 18.144 Thread 0x0000013636ded780 Uncommon trap: trap_request=0xffffff45 fr.pc=0x000001362a6f5a78 relative=0x0000000000000638
Event: 18.144 Thread 0x0000013636ded780 Uncommon trap: reason=unstable_if action=reinterpret pc=0x000001362a6f5a78 method=org.eclipse.jdt.internal.core.util.HashtableOfArrayToObject.get([Ljava/lang/Object;)Ljava/lang/Object; @ 64 c2
Event: 18.144 Thread 0x0000013636ded780 DEOPT PACKING pc=0x000001362a6f5a78 sp=0x00000015dcbfd3a0
Event: 18.144 Thread 0x0000013636ded780 DEOPT UNPACKING pc=0x0000013622ab20a3 sp=0x00000015dcbfd360 mode 2
Event: 18.592 Thread 0x0000013636ded780 Uncommon trap: trap_request=0xffffff45 fr.pc=0x000001362a6d4b40 relative=0x0000000000000d40
Event: 18.592 Thread 0x0000013636ded780 Uncommon trap: reason=unstable_if action=reinterpret pc=0x000001362a6d4b40 method=org.eclipse.jdt.internal.core.util.Util.splitOn(CLjava/lang/String;II)[Ljava/lang/String; @ 16 c2
Event: 18.593 Thread 0x0000013636ded780 DEOPT PACKING pc=0x000001362a6d4b40 sp=0x00000015dcbfc7c0
Event: 18.593 Thread 0x0000013636ded780 DEOPT UNPACKING pc=0x0000013622ab20a3 sp=0x00000015dcbfc7a0 mode 2

Classes unloaded (7 events):
Event: 6.792 Thread 0x000001361e6ce980 Unloading class 0x0000000100214800 'java/lang/invoke/LambdaForm$MH+0x0000000100214800'
Event: 6.792 Thread 0x000001361e6ce980 Unloading class 0x0000000100214400 'java/lang/invoke/LambdaForm$MH+0x0000000100214400'
Event: 6.792 Thread 0x000001361e6ce980 Unloading class 0x0000000100214000 'java/lang/invoke/LambdaForm$MH+0x0000000100214000'
Event: 6.792 Thread 0x000001361e6ce980 Unloading class 0x0000000100213c00 'java/lang/invoke/LambdaForm$MH+0x0000000100213c00'
Event: 6.792 Thread 0x000001361e6ce980 Unloading class 0x0000000100213400 'java/lang/invoke/LambdaForm$BMH+0x0000000100213400'
Event: 6.792 Thread 0x000001361e6ce980 Unloading class 0x0000000100213000 'java/lang/invoke/LambdaForm$DMH+0x0000000100213000'
Event: 6.792 Thread 0x000001361e6ce980 Unloading class 0x0000000100210400 'java/lang/invoke/LambdaForm$DMH+0x0000000100210400'

Classes redefined (0 events):
No events

Internal exceptions (20 events):
Event: 13.537 Thread 0x00000136360328c0 Exception <a 'sun/nio/fs/WindowsException'{0x00000000eb26b720}> (0x00000000eb26b720) 
thrown [s\src\hotspot\share\prims\jni.cpp, line 516]
Event: 13.539 Thread 0x00000136360328c0 Exception <a 'sun/nio/fs/WindowsException'{0x00000000eb275938}> (0x00000000eb275938) 
thrown [s\src\hotspot\share\prims\jni.cpp, line 516]
Event: 13.541 Thread 0x00000136360328c0 Exception <a 'sun/nio/fs/WindowsException'{0x00000000eb27a230}> (0x00000000eb27a230) 
thrown [s\src\hotspot\share\prims\jni.cpp, line 516]
Event: 13.544 Thread 0x00000136360328c0 Exception <a 'sun/nio/fs/WindowsException'{0x00000000eb2e9b40}> (0x00000000eb2e9b40) 
thrown [s\src\hotspot\share\prims\jni.cpp, line 516]
Event: 13.546 Thread 0x00000136360328c0 Exception <a 'sun/nio/fs/WindowsException'{0x00000000eb2ec7f8}> (0x00000000eb2ec7f8) 
thrown [s\src\hotspot\share\prims\jni.cpp, line 516]
Event: 17.388 Thread 0x00000136360328c0 Exception <a 'java/lang/NoSuchMethodError'{0x00000000eaea2900}: 'java.lang.Object java.lang.invoke.DirectMethodHandle$Holder.newInvokeSpecial(java.lang.Object, java.lang.Object, java.lang.Object, int, java.lang.Object)'> (0x00000000eaea2900) 
thrown [s\src\hotspot\share\interpreter\linkResolver.cpp, line 759]
Event: 17.390 Thread 0x00000136360328c0 Exception <a 'java/lang/NoSuchMethodError'{0x00000000eaea6ab0}: 'java.lang.Object java.lang.invoke.DirectMethodHandle$Holder.invokeSpecial(java.lang.Object, java.lang.Object, java.lang.Object, java.lang.Object, int, java.lang.Object)'> (0x00000000eaea6ab0) 
thrown [s\src\hotspot\share\interpreter\linkResolver.cpp, line 759]
Event: 17.406 Thread 0x00000136360328c0 Exception <a 'sun/nio/fs/WindowsException'{0x00000000eaed1620}> (0x00000000eaed1620) 
thrown [s\src\hotspot\share\prims\jni.cpp, line 516]
Event: 17.435 Thread 0x00000136360328c0 Exception <a 'sun/nio/fs/WindowsException'{0x00000000eaef19c8}> (0x00000000eaef19c8) 
thrown [s\src\hotspot\share\prims\jni.cpp, line 516]
Event: 17.451 Thread 0x00000136360328c0 Exception <a 'sun/nio/fs/WindowsException'{0x00000000eaf09e30}> (0x00000000eaf09e30) 
thrown [s\src\hotspot\share\prims\jni.cpp, line 516]
Event: 17.553 Thread 0x0000013636ded780 Exception <a 'sun/nio/fs/WindowsException'{0x00000000eb02d278}> (0x00000000eb02d278) 
thrown [s\src\hotspot\share\prims\jni.cpp, line 516]
Event: 17.568 Thread 0x0000013636dec910 Exception <a 'java/io/FileNotFoundException'{0x00000000eb04efb8}> (0x00000000eb04efb8) 
thrown [s\src\hotspot\share\prims\jni.cpp, line 516]
Event: 17.569 Thread 0x0000013636dec910 Exception <a 'java/io/FileNotFoundException'{0x00000000eb050250}> (0x00000000eb050250) 
thrown [s\src\hotspot\share\prims\jni.cpp, line 516]
Event: 17.593 Thread 0x0000013636ded780 Exception <a 'java/lang/NoSuchMethodError'{0x00000000eb0c82c0}: 'java.lang.Object java.lang.invoke.DirectMethodHandle$Holder.invokeInterface(java.lang.Object, java.lang.Object, java.lang.Object)'> (0x00000000eb0c82c0) 
thrown [s\src\hotspot\share\interpreter\linkResolver.cpp, line 759]
Event: 17.726 Thread 0x0000013636ded780 Exception <a 'java/io/FileNotFoundException'{0x00000000eb3b3c40}> (0x00000000eb3b3c40) 
thrown [s\src\hotspot\share\prims\jni.cpp, line 516]
Event: 18.255 Thread 0x0000013636ded780 Exception <a 'java/lang/NoSuchMethodError'{0x00000000ebd24b70}: 'int java.lang.invoke.DirectMethodHandle$Holder.invokeStatic(java.lang.Object, java.lang.Object, java.lang.Object, int)'> (0x00000000ebd24b70) 
thrown [s\src\hotspot\share\interpreter\linkResolver.cpp, line 759]
Event: 18.290 Thread 0x0000013636ded780 Exception <a 'java/lang/NoSuchMethodError'{0x00000000ebe02f58}: 'int java.lang.invoke.DirectMethodHandle$Holder.invokeVirtual(java.lang.Object, java.lang.Object, java.lang.Object)'> (0x00000000ebe02f58) 
thrown [s\src\hotspot\share\interpreter\linkResolver.cpp, line 759]
Event: 18.398 Thread 0x0000013636deb100 Exception <a 'sun/nio/fs/WindowsException'{0x00000000eac447a0}> (0x00000000eac447a0) 
thrown [s\src\hotspot\share\prims\jni.cpp, line 516]
Event: 18.398 Thread 0x0000013636deb100 Exception <a 'sun/nio/fs/WindowsException'{0x00000000eac44b48}> (0x00000000eac44b48) 
thrown [s\src\hotspot\share\prims\jni.cpp, line 516]
Event: 18.429 Thread 0x0000013636ded780 Exception <a 'java/io/FileNotFoundException'{0x00000000eac9af08}> (0x00000000eac9af08) 
thrown [s\src\hotspot\share\prims\jni.cpp, line 516]

VM Operations (20 events):
Event: 13.621 Executing VM operation: HandshakeAllThreads
Event: 13.621 Executing VM operation: HandshakeAllThreads done
Event: 13.869 Executing VM operation: ParallelGCFailedAllocation
Event: 13.874 Executing VM operation: ParallelGCFailedAllocation done
Event: 14.876 Executing VM operation: Cleanup
Event: 14.876 Executing VM operation: Cleanup done
Event: 15.792 Executing VM operation: ParallelGCFailedAllocation
Event: 15.796 Executing VM operation: ParallelGCFailedAllocation done
Event: 16.574 Executing VM operation: ParallelGCFailedAllocation
Event: 16.582 Executing VM operation: ParallelGCFailedAllocation done
Event: 16.926 Executing VM operation: ParallelGCFailedAllocation
Event: 16.928 Executing VM operation: ParallelGCFailedAllocation done
Event: 17.818 Executing VM operation: HandshakeAllThreads
Event: 17.818 Executing VM operation: HandshakeAllThreads done
Event: 18.301 Executing VM operation: HandshakeAllThreads
Event: 18.301 Executing VM operation: HandshakeAllThreads done
Event: 18.301 Executing VM operation: Cleanup
Event: 18.301 Executing VM operation: Cleanup done
Event: 18.365 Executing VM operation: ParallelGCFailedAllocation
Event: 18.369 Executing VM operation: ParallelGCFailedAllocation done

Events (20 events):
Event: 18.025 loading class java/util/Hashtable$ValueCollection done
Event: 18.091 loading class java/lang/UnsupportedClassVersionError
Event: 18.092 loading class java/lang/UnsupportedClassVersionError done
Event: 18.103 loading class jdk/internal/reflect/UnsafeQualifiedStaticIntegerFieldAccessorImpl
Event: 18.104 loading class jdk/internal/reflect/UnsafeQualifiedStaticIntegerFieldAccessorImpl done
Event: 18.291 loading class java/util/stream/ReduceOps$4
Event: 18.292 loading class java/util/stream/ReduceOps$4 done
Event: 18.292 loading class java/util/stream/ReduceOps$4ReducingSink
Event: 18.292 loading class java/util/stream/ReduceOps$4ReducingSink done
Event: 18.431 loading class java/util/concurrent/ForkJoinTask$AdaptedCallable
Event: 18.431 loading class java/util/concurrent/ForkJoinTask$AdaptedCallable done
Event: 18.431 loading class java/util/concurrent/ForkJoinTask$Aux
Event: 18.432 loading class java/util/concurrent/ForkJoinTask$Aux done
Event: 18.432 loading class java/util/concurrent/ForkJoinWorkerThread
Event: 18.432 loading class java/util/concurrent/ForkJoinWorkerThread done
Event: 18.432 loading class java/util/concurrent/ForkJoinPool$DefaultCommonPoolForkJoinWorkerThreadFactory$1
Event: 18.433 loading class java/util/concurrent/ForkJoinPool$DefaultCommonPoolForkJoinWorkerThreadFactory$1 done
Event: 18.434 Thread 0x0000013636de9dc0 Thread added: 0x0000013636de9dc0
Event: 18.434 loading class java/util/concurrent/CountedCompleter
Event: 18.434 loading class java/util/concurrent/CountedCompleter done


Dynamic libraries:
0x00007ff6f2240000 - 0x00007ff6f224e000 	c:\Users\HP\.vscode\extensions\redhat.java-1.10.0-win32-x64\jre\17.0.4-win32-x86_64\bin\java.exe
0x00007ffdbe740000 - 0x00007ffdbe949000 	C:\WINDOWS\SYSTEM32\ntdll.dll
0x00007ffd8b0d0000 - 0x00007ffd8b0e7000 	C:\Program Files\Avast Software\Avast\aswhook.dll
0x00007ffdbd5e0000 - 0x00007ffdbd69d000 	C:\WINDOWS\System32\KERNEL32.DLL
0x00007ffdbbce0000 - 0x00007ffdbc05b000 	C:\WINDOWS\System32\KERNELBASE.dll
0x00007ffdb9170000 - 0x00007ffdb9202000 	C:\WINDOWS\SYSTEM32\apphelp.dll
0x00007ffdbc4a0000 - 0x00007ffdbc5b1000 	C:\WINDOWS\System32\ucrtbase.dll
0x00007ffdb22e0000 - 0x00007ffdb22f8000 	c:\Users\HP\.vscode\extensions\redhat.java-1.10.0-win32-x64\jre\17.0.4-win32-x86_64\bin\jli.dll
0x00007ffdbdf50000 - 0x00007ffdbe0fd000 	C:\WINDOWS\System32\USER32.dll
0x00007ffdbbcb0000 - 0x00007ffdbbcd6000 	C:\WINDOWS\System32\win32u.dll
0x00007ffdbc650000 - 0x00007ffdbc679000 	C:\WINDOWS\System32\GDI32.dll
0x00007ffdbc150000 - 0x00007ffdbc268000 	C:\WINDOWS\System32\gdi32full.dll
0x00007ffdbbc10000 - 0x00007ffdbbcad000 	C:\WINDOWS\System32\msvcp_win.dll
0x00007ffdb7470000 - 0x00007ffdb7489000 	c:\Users\HP\.vscode\extensions\redhat.java-1.10.0-win32-x64\jre\17.0.4-win32-x86_64\bin\VCRUNTIME140.dll
0x00007ffd95210000 - 0x00007ffd954b5000 	C:\WINDOWS\WinSxS\amd64_microsoft.windows.common-controls_6595b64144ccf1df_6.0.22000.120_none_9d947278b86cc467\COMCTL32.dll
0x00007ffdbe160000 - 0x00007ffdbe203000 	C:\WINDOWS\System32\msvcrt.dll
0x00007ffdbc820000 - 0x00007ffdbc851000 	C:\WINDOWS\System32\IMM32.DLL
0x00007ffdb7db0000 - 0x00007ffdb7dbc000 	c:\Users\HP\.vscode\extensions\redhat.java-1.10.0-win32-x64\jre\17.0.4-win32-x86_64\bin\vcruntime140_1.dll
0x00007ffd74710000 - 0x00007ffd747a1000 	c:\Users\HP\.vscode\extensions\redhat.java-1.10.0-win32-x64\jre\17.0.4-win32-x86_64\bin\msvcp140.dll
0x00007ffd4e420000 - 0x00007ffd4f066000 	c:\Users\HP\.vscode\extensions\redhat.java-1.10.0-win32-x64\jre\17.0.4-win32-x86_64\bin\server\jvm.dll
0x00007ffdbd320000 - 0x00007ffdbd3ce000 	C:\WINDOWS\System32\ADVAPI32.dll
0x00007ffdbd540000 - 0x00007ffdbd5de000 	C:\WINDOWS\System32\sechost.dll
0x00007ffdbd200000 - 0x00007ffdbd320000 	C:\WINDOWS\System32\RPCRT4.dll
0x00007ffdbdf40000 - 0x00007ffdbdf48000 	C:\WINDOWS\System32\PSAPI.DLL
0x00007ffdac700000 - 0x00007ffdac709000 	C:\WINDOWS\SYSTEM32\WSOCK32.dll
0x00007ffdbd190000 - 0x00007ffdbd1ff000 	C:\WINDOWS\System32\WS2_32.dll
0x00007ffdb7b70000 - 0x00007ffdb7ba3000 	C:\WINDOWS\SYSTEM32\WINMM.dll
0x00007ffdb6fc0000 - 0x00007ffdb6fca000 	C:\WINDOWS\SYSTEM32\VERSION.dll
0x00007ffdbac90000 - 0x00007ffdbaca8000 	C:\WINDOWS\SYSTEM32\kernel.appcore.dll
0x00007ffdb7c20000 - 0x00007ffdb7c2a000 	c:\Users\HP\.vscode\extensions\redhat.java-1.10.0-win32-x64\jre\17.0.4-win32-x86_64\bin\jimage.dll
0x00007ffdaf040000 - 0x00007ffdaf261000 	C:\WINDOWS\SYSTEM32\DBGHELP.DLL
0x00007ffdaed30000 - 0x00007ffdaed61000 	C:\WINDOWS\SYSTEM32\dbgcore.DLL
0x00007ffdbc060000 - 0x00007ffdbc0df000 	C:\WINDOWS\System32\bcryptPrimitives.dll
0x00007ffdb77b0000 - 0x00007ffdb77be000 	c:\Users\HP\.vscode\extensions\redhat.java-1.10.0-win32-x64\jre\17.0.4-win32-x86_64\bin\instrument.dll
0x00007ffda4530000 - 0x00007ffda4555000 	c:\Users\HP\.vscode\extensions\redhat.java-1.10.0-win32-x64\jre\17.0.4-win32-x86_64\bin\java.dll
0x00007ffdaed10000 - 0x00007ffdaed28000 	c:\Users\HP\.vscode\extensions\redhat.java-1.10.0-win32-x64\jre\17.0.4-win32-x86_64\bin\zip.dll
0x00007ffdbc9d0000 - 0x00007ffdbd188000 	C:\WINDOWS\System32\SHELL32.dll
0x00007ffdb9d00000 - 0x00007ffdba565000 	C:\WINDOWS\SYSTEM32\windows.storage.dll
0x00007ffdbdb30000 - 0x00007ffdbdea7000 	C:\WINDOWS\System32\combase.dll
0x00007ffdb9b90000 - 0x00007ffdb9cf6000 	C:\WINDOWS\SYSTEM32\wintypes.dll
0x00007ffdbd3f0000 - 0x00007ffdbd4da000 	C:\WINDOWS\System32\SHCORE.dll
0x00007ffdbc5d0000 - 0x00007ffdbc62d000 	C:\WINDOWS\System32\shlwapi.dll
0x00007ffdbbb40000 - 0x00007ffdbbb61000 	C:\WINDOWS\SYSTEM32\profapi.dll
0x00007ffdaea80000 - 0x00007ffdaea99000 	C:\Users\HP\.vscode\extensions\redhat.java-1.10.0-win32-x64\jre\17.0.4-win32-x86_64\bin\net.dll
0x00007ffdb7140000 - 0x00007ffdb724c000 	C:\WINDOWS\SYSTEM32\WINHTTP.dll
0x00007ffdbb130000 - 0x00007ffdbb197000 	C:\WINDOWS\system32\mswsock.dll
0x00007ffda4510000 - 0x00007ffda4525000 	C:\Users\HP\.vscode\extensions\redhat.java-1.10.0-win32-x64\jre\17.0.4-win32-x86_64\bin\nio.dll
0x00007ffdb75a0000 - 0x00007ffdb75b0000 	c:\Users\HP\.vscode\extensions\redhat.java-1.10.0-win32-x64\jre\17.0.4-win32-x86_64\bin\verify.dll
0x00007ffda4280000 - 0x00007ffda42be000 	C:\Users\HP\AppData\Roaming\Code\User\globalStorage\redhat.java\1.10.0\config_win\org.eclipse.equinox.launcher\org.eclipse.equinox.launcher.win32.win32.x86_64_1.2.500.v20220509-0833\eclipse_11700.dll
0x00007ffdbc680000 - 0x00007ffdbc81a000 	C:\WINDOWS\System32\ole32.dll
0x00007ffdbb370000 - 0x00007ffdbb388000 	C:\WINDOWS\SYSTEM32\CRYPTSP.dll
0x00007ffdbabf0000 - 0x00007ffdbac25000 	C:\WINDOWS\system32\rsaenh.dll
0x00007ffdbb220000 - 0x00007ffdbb249000 	C:\WINDOWS\SYSTEM32\USERENV.dll
0x00007ffdbb500000 - 0x00007ffdbb527000 	C:\WINDOWS\SYSTEM32\bcrypt.dll
0x00007ffdbb390000 - 0x00007ffdbb39c000 	C:\WINDOWS\SYSTEM32\CRYPTBASE.dll
0x00007ffdba7c0000 - 0x00007ffdba7ed000 	C:\WINDOWS\SYSTEM32\IPHLPAPI.DLL
0x00007ffdbd3e0000 - 0x00007ffdbd3e9000 	C:\WINDOWS\System32\NSI.dll
0x00007ffdb77c0000 - 0x00007ffdb77d9000 	C:\WINDOWS\SYSTEM32\dhcpcsvc6.DLL
0x00007ffdb78e0000 - 0x00007ffdb78fe000 	C:\WINDOWS\SYSTEM32\dhcpcsvc.DLL
0x00007ffdba7f0000 - 0x00007ffdba8d8000 	C:\WINDOWS\SYSTEM32\DNSAPI.dll
0x00007ffd9d4e0000 - 0x00007ffd9d524000 	C:\Users\HP\AppData\Local\Temp\jna-2312\jna10194605413344171657.dll

dbghelp: loaded successfully - version: 4.0.5 - missing functions: none
symbol engine: initialized successfully - sym options: 0x614 - pdb path: .;c:\Users\HP\.vscode\extensions\redhat.java-1.10.0-win32-x64\jre\17.0.4-win32-x86_64\bin;C:\WINDOWS\SYSTEM32;C:\Program Files\Avast Software\Avast;C:\WINDOWS\WinSxS\amd64_microsoft.windows.common-controls_6595b64144ccf1df_6.0.22000.120_none_9d947278b86cc467;c:\Users\HP\.vscode\extensions\redhat.java-1.10.0-win32-x64\jre\17.0.4-win32-x86_64\bin\server;C:\Users\HP\AppData\Roaming\Code\User\globalStorage\redhat.java\1.10.0\config_win\org.eclipse.equinox.launcher\org.eclipse.equinox.launcher.win32.win32.x86_64_1.2.500.v20220509-0833;C:\Users\HP\AppData\Local\Temp\jna-2312

VM Arguments:
jvm_args: --add-modules=ALL-SYSTEM --add-opens=java.base/java.util=ALL-UNNAMED --add-opens=java.base/java.lang=ALL-UNNAMED --add-opens=java.base/sun.nio.fs=ALL-UNNAMED -Declipse.application=org.eclipse.jdt.ls.core.id1 -Dosgi.bundles.defaultStartLevel=4 -Declipse.product=org.eclipse.jdt.ls.core.product -Djava.import.generatesMetadataFilesAtProjectRoot=false -Dfile.encoding=utf8 -DwatchParentProcess=false -XX:+UseParallelGC -XX:GCTimeRatio=4 -XX:AdaptiveSizePolicyWeight=90 -Dsun.zip.disableMemoryMapping=true -Xmx1G -Xms100m -Xlog:jni+resolve=off -javaagent:c:\Users\HP\.vscode\extensions\redhat.java-1.10.0-win32-x64\lombok\lombok-1.18.24.jar -XX:+HeapDumpOnOutOfMemoryError -XX:HeapDumpPath=c:\Users\HP\AppData\Roaming\Code\User\workspaceStorage\ff886ca9076839c84b5b8a14ed8b690a\redhat.java 
java_command: c:\Users\HP\.vscode\extensions\redhat.java-1.10.0-win32-x64\server\plugins\org.eclipse.equinox.launcher_1.6.400.v20210924-0641.jar -configuration c:\Users\HP\AppData\Roaming\Code\User\globalStorage\redhat.java\1.10.0\config_win -data c:\Users\HP\AppData\Roaming\Code\User\workspaceStorage\ff886ca9076839c84b5b8a14ed8b690a\redhat.java\jdt_ws
java_class_path (initial): c:\Users\HP\.vscode\extensions\redhat.java-1.10.0-win32-x64\server\plugins\org.eclipse.equinox.launcher_1.6.400.v20210924-0641.jar
Launcher Type: SUN_STANDARD

[Global flags]
    uintx AdaptiveSizePolicyWeight                 = 90                                        {product} {command line}
     intx CICompilerCount                          = 4                                         {product} {ergonomic}
    uintx GCTimeRatio                              = 4                                         {product} {command line}
     bool HeapDumpOnOutOfMemoryError               = true                                   {manageable} {command line}
    ccstr HeapDumpPath                             = c:\Users\HP\AppData\Roaming\Code\User\workspaceStorage\ff886ca9076839c84b5b8a14ed8b690a\redhat.java         {manageable} {command line}
   size_t InitialHeapSize                          = 104857600                                 {product} {command line}
   size_t MaxHeapSize                              = 1073741824                                {product} {command line}
   size_t MaxNewSize                               = 357564416                                 {product} {ergonomic}
   size_t MinHeapDeltaBytes                        = 524288                                    {product} {ergonomic}
   size_t MinHeapSize                              = 104857600                                 {product} {command line}
   size_t NewSize                                  = 34603008                                  {product} {ergonomic}
    uintx NonNMethodCodeHeapSize                   = 5839372                                {pd product} {ergonomic}
    uintx NonProfiledCodeHeapSize                  = 122909434                              {pd product} {ergonomic}
   size_t OldSize                                  = 70254592                                  {product} {ergonomic}
    uintx ProfiledCodeHeapSize                     = 122909434                              {pd product} {ergonomic}
    uintx ReservedCodeCacheSize                    = 251658240                              {pd product} {ergonomic}
     bool SegmentedCodeCache                       = true                                      {product} {ergonomic}
   size_t SoftMaxHeapSize                          = 1073741824                             {manageable} {ergonomic}
     bool UseCompressedClassPointers               = true                           {product lp64_product} {ergonomic}
     bool UseCompressedOops                        = true                           {product lp64_product} {ergonomic}
     bool UseLargePagesIndividualAllocation        = false                                  {pd product} {ergonomic}
     bool UseParallelGC                            = true                                      {product} {command line}

Logging:
Log output configuration:
 #0: stdout all=warning,jni+resolve=off uptime,level,tags
 #1: stderr all=off uptime,level,tags

Environment Variables:
PATH=C:\Program Files\Common Files\Oracle\Java\javapath;C:\Program Files (x86)\Common Files\Oracle\Java\javapath;C:\WINDOWS\system32;C:\WINDOWS;C:\WINDOWS\System32\Wbem;C:\WINDOWS\System32\WindowsPowerShell\v1.0\;C:\WINDOWS\System32\OpenSSH\;C:\Program Files (x86)\Microsoft SQL Server\110\Tools\Binn\;C:\Program Files\Microsoft SQL Server\110\Tools\Binn\;C:\Program Files\Microsoft SQL Server\110\DTS\Binn\;C:\Program Files (x86)\Microsoft SQL Server\110\Tools\Binn\ManagementStudio\;C:\Program Files (x86)\Microsoft SQL Server\110\DTS\Binn\;C:\Program Files\Git\cmd;C:\MinGW\bin;C:\Program Files\nodejs\;C:\Users\HP\AppData\Local\Programs\Python\Python310\Scripts\;C:\Users\HP\AppData\Local\Programs\Python\Python310\;C:\Users\HP\AppData\Local\Microsoft\WindowsApps;C:\MinGW\bin;C:\Users\HP\AppData\Local\Programs\Microsoft VS Code\bin;C:\Users\HP\AppData\Roaming\npm
USERNAME=HP
OS=Windows_NT
PROCESSOR_IDENTIFIER=AMD64 Family 23 Model 24 Stepping 1, AuthenticAMD
TMP=C:\Users\HP\AppData\Local\Temp
TEMP=C:\Users\HP\AppData\Local\Temp



---------------  S Y S T E M  ---------------

OS:
 Windows 11 , 64 bit Build 22000 (10.0.22000.708)
OS uptime: 23 days 17:01 hours

CPU: total 8 (initial active 8) (8 cores per cpu, 2 threads per core) family 23 model 24 stepping 1 microcode 0x0, cx8, cmov, fxsr, ht, mmx, 3dnowpref, sse, sse2, sse3, ssse3, sse4a, sse4.1, sse4.2, popcnt, lzcnt, tsc, tscinvbit, avx, avx2, aes, clmul, bmi1, bmi2, adx, sha, fma, vzeroupper, clflush, clflushopt

Memory: 4k page, system-wide physical 6020M (250M free)
TotalPageFile size 24452M (AvailPageFile size 6M)
current process WorkingSet (physical memory assigned to process): 220M, peak: 225M
current process commit charge ("private bytes"): 299M, peak: 305M

vm_info: OpenJDK 64-Bit Server VM (17.0.4+8) for windows-amd64 JRE (17.0.4+8), built on Jul 19 2022 16:05:16 by "temurin" with MS VC++ 16.7 (VS2019)

END.
