#
# There is insufficient memory for the Java Runtime Environment to continue.
# Native memory allocation (malloc) failed to allocate 3515968 bytes for Chunk::new
# Possible reasons:
#   The system is out of physical RAM or swap space
#   The process is running with CompressedOops enabled, and the Java Heap may be blocking the growth of the native heap
# Possible solutions:
#   Reduce memory load on the system
#   Increase physical memory or swap space
#   Check if swap backing store is full
#   Decrease Java heap size (-Xmx/-Xms)
#   Decrease number of Java threads
#   Decrease Java thread stack sizes (-Xss)
#   Set larger code cache with -XX:ReservedCodeCacheSize=
#   JVM is running with Unscaled Compressed Oops mode in which the Java heap is
#     placed in the first 4GB address space. The Java Heap base address is the
#     maximum limit for the native heap growth. Please use -XX:HeapBaseMinAddress
#     to set the Java Heap base and to place the Java Heap above 4GB virtual address.
# This output file may be truncated or incomplete.
#
#  Out of Memory Error (arena.cpp:189), pid=84372, tid=97032
#
# JRE version: OpenJDK Runtime Environment Temurin-17.0.4+8 (17.0.4+8) (build 17.0.4+8)
# Java VM: OpenJDK 64-Bit Server VM Temurin-17.0.4+8 (17.0.4+8, mixed mode, tiered, compressed oops, compressed class ptrs, parallel gc, windows-amd64)
# No core dump will be written. Minidumps are not enabled by default on client versions of Windows
#

---------------  S U M M A R Y ------------

Command Line: --add-modules=ALL-SYSTEM --add-opens=java.base/java.util=ALL-UNNAMED --add-opens=java.base/java.lang=ALL-UNNAMED --add-opens=java.base/sun.nio.fs=ALL-UNNAMED -Declipse.application=org.eclipse.jdt.ls.core.id1 -Dosgi.bundles.defaultStartLevel=4 -Declipse.product=org.eclipse.jdt.ls.core.product -Djava.import.generatesMetadataFilesAtProjectRoot=false -Dfile.encoding=utf8 -DwatchParentProcess=false -XX:+UseParallelGC -XX:GCTimeRatio=4 -XX:AdaptiveSizePolicyWeight=90 -Dsun.zip.disableMemoryMapping=true -Xmx1G -Xms100m -Xlog:jni+resolve=off -javaagent:c:\Users\HP\.vscode\extensions\redhat.java-1.10.0-win32-x64\lombok\lombok-1.18.24.jar -XX:+HeapDumpOnOutOfMemoryError -XX:HeapDumpPath=c:\Users\HP\AppData\Roaming\Code\User\workspaceStorage\ff886ca9076839c84b5b8a14ed8b690a\redhat.java c:\Users\HP\.vscode\extensions\redhat.java-1.10.0-win32-x64\server\plugins\org.eclipse.equinox.launcher_1.6.400.v20210924-0641.jar -configuration c:\Users\HP\AppData\Roaming\Code\User\globalStorage\redhat.java\1.10.0\config_win -data c:\Users\HP\AppData\Roaming\Code\User\workspaceStorage\ff886ca9076839c84b5b8a14ed8b690a\redhat.java\jdt_ws

Host: AMD Ryzen 5 3450U with Radeon Vega Mobile Gfx  , 8 cores, 5G,  Windows 11 , 64 bit Build 22000 (10.0.22000.708)
Time: Sun Dec 11 14:57:24 2022 India Standard Time elapsed time: 40.069121 seconds (0d 0h 0m 40s)

---------------  T H R E A D  ---------------

Current thread (0x00000275e717e940):  JavaThread "C2 CompilerThread0" daemon [_thread_in_native, id=97032, stack(0x0000009c32500000,0x0000009c32600000)]


Current CompileTask:
C2:  40069 5827       4       org.objectweb.asm.ClassReader::readMethod (1066 bytes)

Stack: [0x0000009c32500000,0x0000009c32600000]
Native frames: (J=compiled Java code, j=interpreted, Vv=VM code, C=native code)
V  [jvm.dll+0x67733a]
V  [jvm.dll+0x8323c4]
V  [jvm.dll+0x833b6e]
V  [jvm.dll+0x8341d3]
V  [jvm.dll+0x2455e5]
V  [jvm.dll+0xabd7b]
V  [jvm.dll+0xac30c]
V  [jvm.dll+0x363a77]
V  [jvm.dll+0x1bbd88]
V  [jvm.dll+0x218629]
V  [jvm.dll+0x2178f1]
V  [jvm.dll+0x1a3f8d]
V  [jvm.dll+0x227308]
V  [jvm.dll+0x225455]
V  [jvm.dll+0x7e7eeb]
V  [jvm.dll+0x7e245a]
V  [jvm.dll+0x6761c5]
C  [ucrtbase.dll+0x26c0c]
C  [KERNEL32.DLL+0x154e0]
C  [ntdll.dll+0x485b]


---------------  P R O C E S S  ---------------

Threads class SMR info:
_java_thread_list=0x00000275e9a79aa0, length=26, elements={
0x00000275d184b970, 0x00000275e56cb030, 0x00000275e56ce750, 0x00000275e7148190,
0x00000275e7148a50, 0x00000275e714a670, 0x00000275e7179bd0, 0x00000275e717e940,
0x00000275e717f790, 0x00000275e7182950, 0x00000275e7240f90, 0x00000275e74bbfb0,
0x00000275e8510cf0, 0x00000275e94a2f60, 0x00000275e94a3ae0, 0x00000275e80e7950,
0x00000275e9582800, 0x00000275e81b0370, 0x00000275e81b2520, 0x00000275e81b0840,
0x00000275e81b29f0, 0x00000275e81b0d10, 0x00000275e81af030, 0x00000275e81b16b0,
0x00000275e81af500, 0x00000275e81b1b80
}

Java Threads: ( => current thread )
  0x00000275d184b970 JavaThread "main" [_thread_blocked, id=97008, stack(0x0000009c31c00000,0x0000009c31d00000)]
  0x00000275e56cb030 JavaThread "Reference Handler" daemon [_thread_blocked, id=87752, stack(0x0000009c31f00000,0x0000009c32000000)]
  0x00000275e56ce750 JavaThread "Finalizer" daemon [_thread_blocked, id=94340, stack(0x0000009c32000000,0x0000009c32100000)]
  0x00000275e7148190 JavaThread "Signal Dispatcher" daemon [_thread_blocked, id=57112, stack(0x0000009c32100000,0x0000009c32200000)]
  0x00000275e7148a50 JavaThread "Attach Listener" daemon [_thread_blocked, id=42904, stack(0x0000009c32200000,0x0000009c32300000)]
  0x00000275e714a670 JavaThread "Service Thread" daemon [_thread_blocked, id=90364, stack(0x0000009c32300000,0x0000009c32400000)]
  0x00000275e7179bd0 JavaThread "Monitor Deflation Thread" daemon [_thread_blocked, id=88484, stack(0x0000009c32400000,0x0000009c32500000)]
=>0x00000275e717e940 JavaThread "C2 CompilerThread0" daemon [_thread_in_native, id=97032, stack(0x0000009c32500000,0x0000009c32600000)]
  0x00000275e717f790 JavaThread "C1 CompilerThread0" daemon [_thread_blocked, id=89572, stack(0x0000009c32600000,0x0000009c32700000)]
  0x00000275e7182950 JavaThread "Sweeper thread" daemon [_thread_blocked, id=96156, stack(0x0000009c32700000,0x0000009c32800000)]
  0x00000275e7240f90 JavaThread "Common-Cleaner" daemon [_thread_blocked, id=38380, stack(0x0000009c32800000,0x0000009c32900000)]
  0x00000275e74bbfb0 JavaThread "Notification Thread" daemon [_thread_blocked, id=96296, stack(0x0000009c32900000,0x0000009c32a00000)]
  0x00000275e8510cf0 JavaThread "Active Thread: Equinox Container: 1cb9093f-4bf8-4025-939a-7536b9b003d6" [_thread_blocked, id=85208, stack(0x0000009c33000000,0x0000009c33100000)]
  0x00000275e94a2f60 JavaThread "Framework Event Dispatcher: Equinox Container: 1cb9093f-4bf8-4025-939a-7536b9b003d6" daemon [_thread_blocked, id=96028, stack(0x0000009c33100000,0x0000009c33200000)]
  0x00000275e94a3ae0 JavaThread "Start Level: Equinox Container: 1cb9093f-4bf8-4025-939a-7536b9b003d6" daemon [_thread_blocked, id=90984, stack(0x0000009c33200000,0x0000009c33300000)]
  0x00000275e80e7950 JavaThread "SCR Component Actor" daemon [_thread_blocked, id=82924, stack(0x0000009c33300000,0x0000009c33400000)]
  0x00000275e9582800 JavaThread "Bundle File Closer" daemon [_thread_blocked, id=75144, stack(0x0000009c33700000,0x0000009c33800000)]
  0x00000275e81b0370 JavaThread "Worker-JM" [_thread_blocked, id=89884, stack(0x0000009c33800000,0x0000009c33900000)]
  0x00000275e81b2520 JavaThread "Worker-0" [_thread_blocked, id=22292, stack(0x0000009c33900000,0x0000009c33a00000)]
  0x00000275e81b0840 JavaThread "Worker-1" [_thread_blocked, id=96356, stack(0x0000009c33a00000,0x0000009c33b00000)]
  0x00000275e81b29f0 JavaThread "Worker-2: Initialize workspace" [_thread_blocked, id=95616, stack(0x0000009c33b00000,0x0000009c33c00000)]
  0x00000275e81b0d10 JavaThread "Worker-3" [_thread_blocked, id=18440, stack(0x0000009c33c00000,0x0000009c33d00000)]
  0x00000275e81af030 JavaThread "Java indexing" daemon [_thread_blocked, id=24076, stack(0x0000009c33d00000,0x0000009c33e00000)]
  0x00000275e81b16b0 JavaThread "Worker-4" [_thread_blocked, id=96136, stack(0x0000009c33e00000,0x0000009c33f00000)]
  0x00000275e81af500 JavaThread "pool-1-thread-1" [_thread_in_native, id=93208, stack(0x0000009c33f00000,0x0000009c34000000)]
  0x00000275e81b1b80 JavaThread "ForkJoinPool.commonPool-worker-1" daemon [_thread_blocked, id=66496, stack(0x0000009c33600000,0x0000009c33700000)]

Other Threads:
  0x00000275e7131310 VMThread "VM Thread" [stack: 0x0000009c31e00000,0x0000009c31f00000] [id=91360]
  0x00000275e749eff0 WatcherThread [stack: 0x0000009c32a00000,0x0000009c32b00000] [id=97108]
  0x00000275d1861bb0 GCTaskThread "GC Thread#0" [stack: 0x0000009c31d00000,0x0000009c31e00000] [id=81156]
  0x00000275e860a330 GCTaskThread "GC Thread#1" [stack: 0x0000009c32b00000,0x0000009c32c00000] [id=86944]
  0x00000275e8253050 GCTaskThread "GC Thread#2" [stack: 0x0000009c32c00000,0x0000009c32d00000] [id=92940]
  0x00000275e8511eb0 GCTaskThread "GC Thread#3" [stack: 0x0000009c32d00000,0x0000009c32e00000] [id=90548]
  0x00000275e8512160 GCTaskThread "GC Thread#4" [stack: 0x0000009c32e00000,0x0000009c32f00000] [id=89812]
  0x00000275e84ed600 GCTaskThread "GC Thread#5" [stack: 0x0000009c32f00000,0x0000009c33000000] [id=90744]
  0x00000275e7500b70 GCTaskThread "GC Thread#6" [stack: 0x0000009c33400000,0x0000009c33500000] [id=90320]
  0x00000275e8838cc0 GCTaskThread "GC Thread#7" [stack: 0x0000009c33500000,0x0000009c33600000] [id=48384]

Threads with active compile tasks:
C2 CompilerThread0    40217 5827       4       org.objectweb.asm.ClassReader::readMethod (1066 bytes)

VM state: not at safepoint (normal execution)

VM Mutex/Monitor currently owned by a thread: None

Heap address: 0x00000000c0000000, size: 1024 MB, Compressed Oops mode: 32-bit

CDS archive(s) not mapped
Compressed class space mapped at: 0x0000000100000000-0x0000000140000000, reserved size: 1073741824
Narrow klass base: 0x0000000000000000, Narrow klass shift: 3, Narrow klass range: 0x140000000

GC Precious Log:
 CPUs: 8 total, 8 available
 Memory: 6020M
 Large Page Support: Disabled
 NUMA Support: Disabled
 Compressed Oops: Enabled (32-bit)
 Alignments: Space 512K, Generation 512K, Heap 2M
 Heap Min Capacity: 100M
 Heap Initial Capacity: 100M
 Heap Max Capacity: 1G
 Pre-touch: Disabled
 Parallel Workers: 8

Heap:
 PSYoungGen      total 20992K, used 1084K [0x00000000eab00000, 0x00000000ec380000, 0x0000000100000000)
  eden space 19456K, 5% used [0x00000000eab00000,0x00000000eac0f188,0x00000000ebe00000)
  from space 1536K, 0% used [0x00000000ec080000,0x00000000ec080000,0x00000000ec200000)
  to   space 1024K, 0% used [0x00000000ec280000,0x00000000ec280000,0x00000000ec380000)
 ParOldGen       total 68608K, used 33005K [0x00000000c0000000, 0x00000000c4300000, 0x00000000eab00000)
  object space 68608K, 48% used [0x00000000c0000000,0x00000000c203b488,0x00000000c4300000)
 Metaspace       used 59020K, committed 59776K, reserved 1105920K
  class space    used 6377K, committed 6720K, reserved 1048576K

Card table byte_map: [0x00000275d11f0000,0x00000275d1400000] _byte_map_base: 0x00000275d0bf0000

Marking Bits: (ParMarkBitMap*) 0x00007ffd4efa2cd0
 Begin Bits: [0x00000275e34d0000, 0x00000275e44d0000)
 End Bits:   [0x00000275e44d0000, 0x00000275e54d0000)

Polling page: 0x00000275cf7d0000

Metaspace:

Usage:
  Non-class:     51.41 MB used.
      Class:      6.23 MB used.
       Both:     57.64 MB used.

Virtual space:
  Non-class space:       56.00 MB reserved,      51.81 MB ( 93%) committed,  7 nodes.
      Class space:        1.00 GB reserved,       6.56 MB ( <1%) committed,  1 nodes.
             Both:        1.05 GB reserved,      58.38 MB (  5%) committed. 

Chunk freelists:
   Non-Class:  80.00 KB
       Class:  1.47 MB
        Both:  1.55 MB

MaxMetaspaceSize: unlimited
CompressedClassSpaceSize: 1.00 GB
Initial GC threshold: 21.00 MB
Current GC threshold: 97.31 MB
CDS: off
MetaspaceReclaimPolicy: balanced
 - commit_granule_bytes: 65536.
 - commit_granule_words: 8192.
 - virtual_space_node_default_size: 1048576.
 - enlarge_chunks_in_place: 1.
 - new_chunks_are_fully_committed: 0.
 - uncommit_free_chunks: 1.
 - use_allocation_guard: 0.
 - handle_deallocations: 1.


Internal statistics:

num_allocs_failed_limit: 9.
num_arena_births: 360.
num_arena_deaths: 14.
num_vsnodes_births: 8.
num_vsnodes_deaths: 0.
num_space_committed: 934.
num_space_uncommitted: 0.
num_chunks_returned_to_freelist: 23.
num_chunks_taken_from_freelist: 2419.
num_chunk_merges: 10.
num_chunk_splits: 1551.
num_chunks_enlarged: 971.
num_purges: 2.
num_inconsistent_stats: 0.

CodeHeap 'non-profiled nmethods': size=120000Kb used=2352Kb max_used=2352Kb free=117647Kb
 bounds [0x00000275dbfa0000, 0x00000275dc210000, 0x00000275e34d0000]
CodeHeap 'profiled nmethods': size=120000Kb used=12546Kb max_used=12546Kb free=107453Kb
 bounds [0x00000275d4a70000, 0x00000275d56c0000, 0x00000275dbfa0000]
CodeHeap 'non-nmethods': size=5760Kb used=1348Kb max_used=1374Kb free=4411Kb
 bounds [0x00000275d44d0000, 0x00000275d4740000, 0x00000275d4a70000]
 total_blobs=6679 nmethods=5998 adapters=593
 compilation: enabled
              stopped_count=0, restarted_count=0
 full_count=0

Compilation events (20 events):
Event: 39.999 Thread 0x00000275e717f790 6128       2       org.eclipse.jdt.internal.compiler.util.CharArray::equals (33 bytes)
Event: 39.999 Thread 0x00000275e717f790 nmethod 6128 0x00000275d56a8f90 code [0x00000275d56a9140, 0x00000275d56a9348]
Event: 40.000 Thread 0x00000275e717f790 6129       2       org.eclipse.core.resources.ResourcesPlugin::getWorkspace (44 bytes)
Event: 40.001 Thread 0x00000275e717f790 nmethod 6129 0x00000275d56a9410 code [0x00000275d56a95c0, 0x00000275d56a9858]
Event: 40.001 Thread 0x00000275e717f790 6130       2       org.eclipse.jdt.internal.core.ModularClassFile::<init> (8 bytes)
Event: 40.001 Thread 0x00000275e717f790 nmethod 6130 0x00000275d56a9990 code [0x00000275d56a9b20, 0x00000275d56a9c98]
Event: 40.002 Thread 0x00000275e717f790 6132       2       org.eclipse.jdt.internal.core.JavaElement::getElementInfo (6 bytes)
Event: 40.006 Thread 0x00000275e717f790 nmethod 6132 0x00000275d56a9e10 code [0x00000275d56a9fa0, 0x00000275d56aa0c8]
Event: 40.006 Thread 0x00000275e717f790 6131       2       org.eclipse.jdt.internal.core.AbstractClassFile::equals (46 bytes)
Event: 40.006 Thread 0x00000275e717f790 nmethod 6131 0x00000275d56aa190 code [0x00000275d56aa360, 0x00000275d56aa5b8]
Event: 40.006 Thread 0x00000275e717f790 6133       2       org.eclipse.jdt.internal.core.JavaProject$ModuleLookup::recordRoot (16 bytes)
Event: 40.007 Thread 0x00000275e717f790 nmethod 6133 0x00000275d56aa710 code [0x00000275d56aa8a0, 0x00000275d56aa9e8]
Event: 40.007 Thread 0x00000275e717f790 6134       2       java.util.regex.Pattern::curly (65 bytes)
Event: 40.008 Thread 0x00000275e717f790 nmethod 6134 0x00000275d56aaa90 code [0x00000275d56aac60, 0x00000275d56ab108]
Event: 40.011 Thread 0x00000275e717f790 6136       2       jdk.internal.jrtfs.JrtFileSystem::getPath (102 bytes)
Event: 40.012 Thread 0x00000275e717f790 nmethod 6136 0x00000275d56ab310 code [0x00000275d56ab520, 0x00000275d56aba98]
Event: 40.012 Thread 0x00000275e717f790 6135       2       jdk.internal.jrtfs.JrtFileSystem::getPath (7 bytes)
Event: 40.013 Thread 0x00000275e717f790 nmethod 6135 0x00000275d56abe10 code [0x00000275d56abfa0, 0x00000275d56ac0c8]
Event: 40.013 Thread 0x00000275e717f790 6137   !   2       org.eclipse.jdt.internal.compiler.util.JrtFileSystem::getFileBytes (71 bytes)
Event: 40.013 Thread 0x00000275e717f790 nmethod 6137 0x00000275d56ac190 code [0x00000275d56ac360, 0x00000275d56ac728]

GC Heap History (20 events):
Event: 33.555 GC heap before
{Heap before GC invocations=17 (full 2):
 PSYoungGen      total 24576K, used 24240K [0x00000000eab00000, 0x00000000ec580000, 0x0000000100000000)
  eden space 22016K, 100% used [0x00000000eab00000,0x00000000ec080000,0x00000000ec080000)
  from space 2560K, 86% used [0x00000000ec300000,0x00000000ec52c030,0x00000000ec580000)
  to   space 2560K, 0% used [0x00000000ec080000,0x00000000ec080000,0x00000000ec300000)
 ParOldGen       total 68608K, used 19156K [0x00000000c0000000, 0x00000000c4300000, 0x00000000eab00000)
  object space 68608K, 27% used [0x00000000c0000000,0x00000000c12b5148,0x00000000c4300000)
 Metaspace       used 50389K, committed 51136K, reserved 1097728K
  class space    used 5503K, committed 5824K, reserved 1048576K
}
Event: 33.562 GC heap after
{Heap after GC invocations=17 (full 2):
 PSYoungGen      total 24576K, used 2240K [0x00000000eab00000, 0x00000000ec580000, 0x0000000100000000)
  eden space 22016K, 0% used [0x00000000eab00000,0x00000000eab00000,0x00000000ec080000)
  from space 2560K, 87% used [0x00000000ec080000,0x00000000ec2b0010,0x00000000ec300000)
  to   space 2560K, 0% used [0x00000000ec300000,0x00000000ec300000,0x00000000ec580000)
 ParOldGen       total 68608K, used 21274K [0x00000000c0000000, 0x00000000c4300000, 0x00000000eab00000)
  object space 68608K, 31% used [0x00000000c0000000,0x00000000c14c6bd0,0x00000000c4300000)
 Metaspace       used 50389K, committed 51136K, reserved 1097728K
  class space    used 5503K, committed 5824K, reserved 1048576K
}
Event: 33.854 GC heap before
{Heap before GC invocations=18 (full 2):
 PSYoungGen      total 24576K, used 24256K [0x00000000eab00000, 0x00000000ec580000, 0x0000000100000000)
  eden space 22016K, 100% used [0x00000000eab00000,0x00000000ec080000,0x00000000ec080000)
  from space 2560K, 87% used [0x00000000ec080000,0x00000000ec2b0010,0x00000000ec300000)
  to   space 2560K, 0% used [0x00000000ec300000,0x00000000ec300000,0x00000000ec580000)
 ParOldGen       total 68608K, used 21274K [0x00000000c0000000, 0x00000000c4300000, 0x00000000eab00000)
  object space 68608K, 31% used [0x00000000c0000000,0x00000000c14c6bd0,0x00000000c4300000)
 Metaspace       used 50466K, committed 51200K, reserved 1097728K
  class space    used 5513K, committed 5824K, reserved 1048576K
}
Event: 33.862 GC heap after
{Heap after GC invocations=18 (full 2):
 PSYoungGen      total 22016K, used 2528K [0x00000000eab00000, 0x00000000eca80000, 0x0000000100000000)
  eden space 19456K, 0% used [0x00000000eab00000,0x00000000eab00000,0x00000000ebe00000)
  from space 2560K, 98% used [0x00000000ec300000,0x00000000ec578020,0x00000000ec580000)
  to   space 5120K, 0% used [0x00000000ebe00000,0x00000000ebe00000,0x00000000ec300000)
 ParOldGen       total 68608K, used 23441K [0x00000000c0000000, 0x00000000c4300000, 0x00000000eab00000)
  object space 68608K, 34% used [0x00000000c0000000,0x00000000c16e47c0,0x00000000c4300000)
 Metaspace       used 50466K, committed 51200K, reserved 1097728K
  class space    used 5513K, committed 5824K, reserved 1048576K
}
Event: 33.954 GC heap before
{Heap before GC invocations=19 (full 2):
 PSYoungGen      total 22016K, used 21984K [0x00000000eab00000, 0x00000000eca80000, 0x0000000100000000)
  eden space 19456K, 100% used [0x00000000eab00000,0x00000000ebe00000,0x00000000ebe00000)
  from space 2560K, 98% used [0x00000000ec300000,0x00000000ec578020,0x00000000ec580000)
  to   space 5120K, 0% used [0x00000000ebe00000,0x00000000ebe00000,0x00000000ec300000)
 ParOldGen       total 68608K, used 23441K [0x00000000c0000000, 0x00000000c4300000, 0x00000000eab00000)
  object space 68608K, 34% used [0x00000000c0000000,0x00000000c16e47c0,0x00000000c4300000)
 Metaspace       used 50466K, committed 51200K, reserved 1097728K
  class space    used 5513K, committed 5824K, reserved 1048576K
}
Event: 33.961 GC heap after
{Heap after GC invocations=19 (full 2):
 PSYoungGen      total 22016K, used 2176K [0x00000000eab00000, 0x00000000ec500000, 0x0000000100000000)
  eden space 19456K, 0% used [0x00000000eab00000,0x00000000eab00000,0x00000000ebe00000)
  from space 2560K, 85% used [0x00000000ebe00000,0x00000000ec020000,0x00000000ec080000)
  to   space 3584K, 0% used [0x00000000ec180000,0x00000000ec180000,0x00000000ec500000)
 ParOldGen       total 68608K, used 25974K [0x00000000c0000000, 0x00000000c4300000, 0x00000000eab00000)
  object space 68608K, 37% used [0x00000000c0000000,0x00000000c195db38,0x00000000c4300000)
 Metaspace       used 50466K, committed 51200K, reserved 1097728K
  class space    used 5513K, committed 5824K, reserved 1048576K
}
Event: 34.115 GC heap before
{Heap before GC invocations=20 (full 2):
 PSYoungGen      total 22016K, used 21632K [0x00000000eab00000, 0x00000000ec500000, 0x0000000100000000)
  eden space 19456K, 100% used [0x00000000eab00000,0x00000000ebe00000,0x00000000ebe00000)
  from space 2560K, 85% used [0x00000000ebe00000,0x00000000ec020000,0x00000000ec080000)
  to   space 3584K, 0% used [0x00000000ec180000,0x00000000ec180000,0x00000000ec500000)
 ParOldGen       total 68608K, used 25974K [0x00000000c0000000, 0x00000000c4300000, 0x00000000eab00000)
  object space 68608K, 37% used [0x00000000c0000000,0x00000000c195db38,0x00000000c4300000)
 Metaspace       used 50467K, committed 51200K, reserved 1097728K
  class space    used 5513K, committed 5824K, reserved 1048576K
}
Event: 34.123 GC heap after
{Heap after GC invocations=20 (full 2):
 PSYoungGen      total 22016K, used 2464K [0x00000000eab00000, 0x00000000ec400000, 0x0000000100000000)
  eden space 19456K, 0% used [0x00000000eab00000,0x00000000eab00000,0x00000000ebe00000)
  from space 2560K, 96% used [0x00000000ec180000,0x00000000ec3e8010,0x00000000ec400000)
  to   space 2560K, 0% used [0x00000000ebe00000,0x00000000ebe00000,0x00000000ec080000)
 ParOldGen       total 68608K, used 28038K [0x00000000c0000000, 0x00000000c4300000, 0x00000000eab00000)
  object space 68608K, 40% used [0x00000000c0000000,0x00000000c1b61b38,0x00000000c4300000)
 Metaspace       used 50467K, committed 51200K, reserved 1097728K
  class space    used 5513K, committed 5824K, reserved 1048576K
}
Event: 34.342 GC heap before
{Heap before GC invocations=21 (full 2):
 PSYoungGen      total 22016K, used 21920K [0x00000000eab00000, 0x00000000ec400000, 0x0000000100000000)
  eden space 19456K, 100% used [0x00000000eab00000,0x00000000ebe00000,0x00000000ebe00000)
  from space 2560K, 96% used [0x00000000ec180000,0x00000000ec3e8010,0x00000000ec400000)
  to   space 2560K, 0% used [0x00000000ebe00000,0x00000000ebe00000,0x00000000ec080000)
 ParOldGen       total 68608K, used 28038K [0x00000000c0000000, 0x00000000c4300000, 0x00000000eab00000)
  object space 68608K, 40% used [0x00000000c0000000,0x00000000c1b61b38,0x00000000c4300000)
 Metaspace       used 50568K, committed 51328K, reserved 1097728K
  class space    used 5519K, committed 5824K, reserved 1048576K
}
Event: 34.351 GC heap after
{Heap after GC invocations=21 (full 2):
 PSYoungGen      total 22016K, used 2560K [0x00000000eab00000, 0x00000000ec900000, 0x0000000100000000)
  eden space 19456K, 0% used [0x00000000eab00000,0x00000000eab00000,0x00000000ebe00000)
  from space 2560K, 100% used [0x00000000ebe00000,0x00000000ec080000,0x00000000ec080000)
  to   space 5632K, 0% used [0x00000000ec380000,0x00000000ec380000,0x00000000ec900000)
 ParOldGen       total 68608K, used 30454K [0x00000000c0000000, 0x00000000c4300000, 0x00000000eab00000)
  object space 68608K, 44% used [0x00000000c0000000,0x00000000c1dbdb48,0x00000000c4300000)
 Metaspace       used 50568K, committed 51328K, reserved 1097728K
  class space    used 5519K, committed 5824K, reserved 1048576K
}
Event: 35.595 GC heap before
{Heap before GC invocations=22 (full 2):
 PSYoungGen      total 22016K, used 22016K [0x00000000eab00000, 0x00000000ec900000, 0x0000000100000000)
  eden space 19456K, 100% used [0x00000000eab00000,0x00000000ebe00000,0x00000000ebe00000)
  from space 2560K, 100% used [0x00000000ebe00000,0x00000000ec080000,0x00000000ec080000)
  to   space 5632K, 0% used [0x00000000ec380000,0x00000000ec380000,0x00000000ec900000)
 ParOldGen       total 68608K, used 30454K [0x00000000c0000000, 0x00000000c4300000, 0x00000000eab00000)
  object space 68608K, 44% used [0x00000000c0000000,0x00000000c1dbdb48,0x00000000c4300000)
 Metaspace       used 52965K, committed 53760K, reserved 1097728K
  class space    used 5786K, committed 6144K, reserved 1048576K
}
Event: 35.600 GC heap after
{Heap after GC invocations=22 (full 2):
 PSYoungGen      total 20480K, used 662K [0x00000000eab00000, 0x00000000ec480000, 0x0000000100000000)
  eden space 19456K, 0% used [0x00000000eab00000,0x00000000eab00000,0x00000000ebe00000)
  from space 1024K, 64% used [0x00000000ec380000,0x00000000ec425ba8,0x00000000ec480000)
  to   space 2560K, 0% used [0x00000000ebf80000,0x00000000ebf80000,0x00000000ec200000)
 ParOldGen       total 68608K, used 32993K [0x00000000c0000000, 0x00000000c4300000, 0x00000000eab00000)
  object space 68608K, 48% used [0x00000000c0000000,0x00000000c2038720,0x00000000c4300000)
 Metaspace       used 52965K, committed 53760K, reserved 1097728K
  class space    used 5786K, committed 6144K, reserved 1048576K
}
Event: 37.890 GC heap before
{Heap before GC invocations=23 (full 2):
 PSYoungGen      total 20480K, used 20118K [0x00000000eab00000, 0x00000000ec480000, 0x0000000100000000)
  eden space 19456K, 100% used [0x00000000eab00000,0x00000000ebe00000,0x00000000ebe00000)
  from space 1024K, 64% used [0x00000000ec380000,0x00000000ec425ba8,0x00000000ec480000)
  to   space 2560K, 0% used [0x00000000ebf80000,0x00000000ebf80000,0x00000000ec200000)
 ParOldGen       total 68608K, used 32993K [0x00000000c0000000, 0x00000000c4300000, 0x00000000eab00000)
  object space 68608K, 48% used [0x00000000c0000000,0x00000000c2038720,0x00000000c4300000)
 Metaspace       used 54282K, committed 55104K, reserved 1097728K
  class space    used 5913K, committed 6272K, reserved 1048576K
}
Event: 37.893 GC heap after
{Heap after GC invocations=23 (full 2):
 PSYoungGen      total 22016K, used 352K [0x00000000eab00000, 0x00000000ec400000, 0x0000000100000000)
  eden space 19456K, 0% used [0x00000000eab00000,0x00000000eab00000,0x00000000ebe00000)
  from space 2560K, 13% used [0x00000000ebf80000,0x00000000ebfd8000,0x00000000ec200000)
  to   space 1024K, 0% used [0x00000000ec300000,0x00000000ec300000,0x00000000ec400000)
 ParOldGen       total 68608K, used 33568K [0x00000000c0000000, 0x00000000c4300000, 0x00000000eab00000)
  object space 68608K, 48% used [0x00000000c0000000,0x00000000c20c8248,0x00000000c4300000)
 Metaspace       used 54282K, committed 55104K, reserved 1097728K
  class space    used 5913K, committed 6272K, reserved 1048576K
}
Event: 38.308 GC heap before
{Heap before GC invocations=24 (full 2):
 PSYoungGen      total 22016K, used 19808K [0x00000000eab00000, 0x00000000ec400000, 0x0000000100000000)
  eden space 19456K, 100% used [0x00000000eab00000,0x00000000ebe00000,0x00000000ebe00000)
  from space 2560K, 13% used [0x00000000ebf80000,0x00000000ebfd8000,0x00000000ec200000)
  to   space 1024K, 0% used [0x00000000ec300000,0x00000000ec300000,0x00000000ec400000)
 ParOldGen       total 68608K, used 33568K [0x00000000c0000000, 0x00000000c4300000, 0x00000000eab00000)
  object space 68608K, 48% used [0x00000000c0000000,0x00000000c20c8248,0x00000000c4300000)
 Metaspace       used 54563K, committed 55360K, reserved 1105920K
  class space    used 5937K, committed 6272K, reserved 1048576K
}
Event: 38.313 GC heap after
{Heap after GC invocations=24 (full 2):
 PSYoungGen      total 20480K, used 921K [0x00000000eab00000, 0x00000000ec400000, 0x0000000100000000)
  eden space 19456K, 0% used [0x00000000eab00000,0x00000000eab00000,0x00000000ebe00000)
  from space 1024K, 90% used [0x00000000ec300000,0x00000000ec3e66f0,0x00000000ec400000)
  to   space 1536K, 0% used [0x00000000ec100000,0x00000000ec100000,0x00000000ec280000)
 ParOldGen       total 68608K, used 33840K [0x00000000c0000000, 0x00000000c4300000, 0x00000000eab00000)
  object space 68608K, 49% used [0x00000000c0000000,0x00000000c210c248,0x00000000c4300000)
 Metaspace       used 54563K, committed 55360K, reserved 1105920K
  class space    used 5937K, committed 6272K, reserved 1048576K
}
Event: 38.999 GC heap before
{Heap before GC invocations=25 (full 2):
 PSYoungGen      total 20480K, used 20377K [0x00000000eab00000, 0x00000000ec400000, 0x0000000100000000)
  eden space 19456K, 100% used [0x00000000eab00000,0x00000000ebe00000,0x00000000ebe00000)
  from space 1024K, 90% used [0x00000000ec300000,0x00000000ec3e66f0,0x00000000ec400000)
  to   space 1536K, 0% used [0x00000000ec100000,0x00000000ec100000,0x00000000ec280000)
 ParOldGen       total 68608K, used 33840K [0x00000000c0000000, 0x00000000c4300000, 0x00000000eab00000)
  object space 68608K, 49% used [0x00000000c0000000,0x00000000c210c248,0x00000000c4300000)
 Metaspace       used 55848K, committed 56640K, reserved 1105920K
  class space    used 6027K, committed 6336K, reserved 1048576K
}
Event: 39.001 GC heap after
{Heap after GC invocations=25 (full 2):
 PSYoungGen      total 20992K, used 224K [0x00000000eab00000, 0x00000000ec380000, 0x0000000100000000)
  eden space 19456K, 0% used [0x00000000eab00000,0x00000000eab00000,0x00000000ebe00000)
  from space 1536K, 14% used [0x00000000ec100000,0x00000000ec138000,0x00000000ec280000)
  to   space 512K, 0% used [0x00000000ec300000,0x00000000ec300000,0x00000000ec380000)
 ParOldGen       total 68608K, used 33960K [0x00000000c0000000, 0x00000000c4300000, 0x00000000eab00000)
  object space 68608K, 49% used [0x00000000c0000000,0x00000000c212a248,0x00000000c4300000)
 Metaspace       used 55848K, committed 56640K, reserved 1105920K
  class space    used 6027K, committed 6336K, reserved 1048576K
}
Event: 40.002 GC heap before
{Heap before GC invocations=26 (full 2):
 PSYoungGen      total 20992K, used 19679K [0x00000000eab00000, 0x00000000ec380000, 0x0000000100000000)
  eden space 19456K, 99% used [0x00000000eab00000,0x00000000ebdfffe8,0x00000000ebe00000)
  from space 1536K, 14% used [0x00000000ec100000,0x00000000ec138000,0x00000000ec280000)
  to   space 512K, 0% used [0x00000000ec300000,0x00000000ec300000,0x00000000ec380000)
 ParOldGen       total 68608K, used 33960K [0x00000000c0000000, 0x00000000c4300000, 0x00000000eab00000)
  object space 68608K, 49% used [0x00000000c0000000,0x00000000c212a248,0x00000000c4300000)
 Metaspace       used 58575K, committed 59328K, reserved 1105920K
  class space    used 6338K, committed 6656K, reserved 1048576K
}
Event: 40.006 GC heap after
{Heap after GC invocations=26 (full 2):
 PSYoungGen      total 19968K, used 512K [0x00000000eab00000, 0x00000000ec380000, 0x0000000100000000)
  eden space 19456K, 0% used [0x00000000eab00000,0x00000000eab00000,0x00000000ebe00000)
  from space 512K, 100% used [0x00000000ec300000,0x00000000ec380000,0x00000000ec380000)
  to   space 1536K, 0% used [0x00000000ec080000,0x00000000ec080000,0x00000000ec200000)
 ParOldGen       total 68608K, used 34643K [0x00000000c0000000, 0x00000000c4300000, 0x00000000eab00000)
  object space 68608K, 50% used [0x00000000c0000000,0x00000000c21d4e40,0x00000000c4300000)
 Metaspace       used 58575K, committed 59328K, reserved 1105920K
  class space    used 6338K, committed 6656K, reserved 1048576K
}

Deoptimization events (20 events):
Event: 39.383 Thread 0x00000275e81af500 Uncommon trap: trap_request=0xffffffbe fr.pc=0x00000275dc0e86f0 relative=0x00000000000001b0
Event: 39.383 Thread 0x00000275e81af500 Uncommon trap: reason=profile_predicate action=maybe_recompile pc=0x00000275dc0e86f0 method=java.util.TreeMap.getEntryUsingComparator(Ljava/lang/Object;)Ljava/util/TreeMap$Entry; @ 19 c2
Event: 39.383 Thread 0x00000275e81af500 DEOPT PACKING pc=0x00000275dc0e86f0 sp=0x0000009c33ffd960
Event: 39.383 Thread 0x00000275e81af500 DEOPT UNPACKING pc=0x00000275d45220a3 sp=0x0000009c33ffd8f0 mode 2
Event: 39.383 Thread 0x00000275e81af500 Uncommon trap: trap_request=0xffffffbe fr.pc=0x00000275dc0e86f0 relative=0x00000000000001b0
Event: 39.383 Thread 0x00000275e81af500 Uncommon trap: reason=profile_predicate action=maybe_recompile pc=0x00000275dc0e86f0 method=java.util.TreeMap.getEntryUsingComparator(Ljava/lang/Object;)Ljava/util/TreeMap$Entry; @ 19 c2
Event: 39.383 Thread 0x00000275e81af500 DEOPT PACKING pc=0x00000275dc0e86f0 sp=0x0000009c33ffd960
Event: 39.383 Thread 0x00000275e81af500 DEOPT UNPACKING pc=0x00000275d45220a3 sp=0x0000009c33ffd8f0 mode 2
Event: 39.384 Thread 0x00000275e81af500 Uncommon trap: trap_request=0xffffffbe fr.pc=0x00000275dc0e86f0 relative=0x00000000000001b0
Event: 39.384 Thread 0x00000275e81af500 Uncommon trap: reason=profile_predicate action=maybe_recompile pc=0x00000275dc0e86f0 method=java.util.TreeMap.getEntryUsingComparator(Ljava/lang/Object;)Ljava/util/TreeMap$Entry; @ 19 c2
Event: 39.384 Thread 0x00000275e81af500 DEOPT PACKING pc=0x00000275dc0e86f0 sp=0x0000009c33ffd960
Event: 39.384 Thread 0x00000275e81af500 DEOPT UNPACKING pc=0x00000275d45220a3 sp=0x0000009c33ffd8f0 mode 2
Event: 39.754 Thread 0x00000275e81af500 DEOPT PACKING pc=0x00000275d54edd04 sp=0x0000009c33ffd010
Event: 39.754 Thread 0x00000275e81af500 DEOPT UNPACKING pc=0x00000275d4522843 sp=0x0000009c33ffc4a8 mode 0
Event: 39.755 Thread 0x00000275e81af500 DEOPT PACKING pc=0x00000275d50bae9e sp=0x0000009c33ffcdd0
Event: 39.755 Thread 0x00000275e81af500 DEOPT UNPACKING pc=0x00000275d4522843 sp=0x0000009c33ffc2c0 mode 0
Event: 39.756 Thread 0x00000275e81af500 DEOPT PACKING pc=0x00000275d50bae9e sp=0x0000009c33ffcdd0
Event: 39.756 Thread 0x00000275e81af500 DEOPT UNPACKING pc=0x00000275d4522843 sp=0x0000009c33ffc2c0 mode 0
Event: 39.757 Thread 0x00000275e81af500 DEOPT PACKING pc=0x00000275d50bae9e sp=0x0000009c33ffcdd0
Event: 39.757 Thread 0x00000275e81af500 DEOPT UNPACKING pc=0x00000275d4522843 sp=0x0000009c33ffc2c0 mode 0

Classes unloaded (7 events):
Event: 18.074 Thread 0x00000275e7131310 Unloading class 0x0000000100214800 'java/lang/invoke/LambdaForm$MH+0x0000000100214800'
Event: 18.074 Thread 0x00000275e7131310 Unloading class 0x0000000100214400 'java/lang/invoke/LambdaForm$MH+0x0000000100214400'
Event: 18.074 Thread 0x00000275e7131310 Unloading class 0x0000000100214000 'java/lang/invoke/LambdaForm$MH+0x0000000100214000'
Event: 18.074 Thread 0x00000275e7131310 Unloading class 0x0000000100213c00 'java/lang/invoke/LambdaForm$MH+0x0000000100213c00'
Event: 18.074 Thread 0x00000275e7131310 Unloading class 0x0000000100213400 'java/lang/invoke/LambdaForm$BMH+0x0000000100213400'
Event: 18.074 Thread 0x00000275e7131310 Unloading class 0x0000000100213000 'java/lang/invoke/LambdaForm$DMH+0x0000000100213000'
Event: 18.074 Thread 0x00000275e7131310 Unloading class 0x0000000100210400 'java/lang/invoke/LambdaForm$DMH+0x0000000100210400'

Classes redefined (0 events):
No events

Internal exceptions (20 events):
Event: 34.434 Thread 0x00000275e81b0d10 Exception <a 'sun/nio/fs/WindowsException'{0x00000000eab9b070}> (0x00000000eab9b070) 
thrown [s\src\hotspot\share\prims\jni.cpp, line 516]
Event: 34.434 Thread 0x00000275e81b0d10 Exception <a 'sun/nio/fs/WindowsException'{0x00000000eab9b628}> (0x00000000eab9b628) 
thrown [s\src\hotspot\share\prims\jni.cpp, line 516]
Event: 34.434 Thread 0x00000275e81b0d10 Exception <a 'sun/nio/fs/WindowsException'{0x00000000eab9bbe0}> (0x00000000eab9bbe0) 
thrown [s\src\hotspot\share\prims\jni.cpp, line 516]
Event: 34.434 Thread 0x00000275e81b0d10 Exception <a 'sun/nio/fs/WindowsException'{0x00000000eab9c1b8}> (0x00000000eab9c1b8) 
thrown [s\src\hotspot\share\prims\jni.cpp, line 516]
Event: 34.438 Thread 0x00000275e81b0d10 Exception <a 'sun/nio/fs/WindowsException'{0x00000000eaba5f20}> (0x00000000eaba5f20) 
thrown [s\src\hotspot\share\prims\jni.cpp, line 516]
Event: 34.441 Thread 0x00000275e81b0d10 Exception <a 'sun/nio/fs/WindowsException'{0x00000000eabaa818}> (0x00000000eabaa818) 
thrown [s\src\hotspot\share\prims\jni.cpp, line 516]
Event: 34.456 Thread 0x00000275e81b0d10 Exception <a 'sun/nio/fs/WindowsException'{0x00000000eabb4d80}> (0x00000000eabb4d80) 
thrown [s\src\hotspot\share\prims\jni.cpp, line 516]
Event: 34.461 Thread 0x00000275e81b0d10 Exception <a 'sun/nio/fs/WindowsException'{0x00000000eabb7a38}> (0x00000000eabb7a38) 
thrown [s\src\hotspot\share\prims\jni.cpp, line 516]
Event: 39.232 Thread 0x00000275e81b0d10 Exception <a 'java/lang/NoSuchMethodError'{0x00000000eacc19b0}: 'java.lang.Object java.lang.invoke.DirectMethodHandle$Holder.newInvokeSpecial(java.lang.Object, java.lang.Object, java.lang.Object, int, java.lang.Object)'> (0x00000000eacc19b0) 
thrown [s\src\hotspot\share\interpreter\linkResolver.cpp, line 759]
Event: 39.232 Thread 0x00000275e81b0d10 Exception <a 'java/lang/NoSuchMethodError'{0x00000000eacc5b60}: 'java.lang.Object java.lang.invoke.DirectMethodHandle$Holder.invokeSpecial(java.lang.Object, java.lang.Object, java.lang.Object, java.lang.Object, int, java.lang.Object)'> (0x00000000eacc5b60) 
thrown [s\src\hotspot\share\interpreter\linkResolver.cpp, line 759]
Event: 39.240 Thread 0x00000275e81b0d10 Exception <a 'sun/nio/fs/WindowsException'{0x00000000eace68d0}> (0x00000000eace68d0) 
thrown [s\src\hotspot\share\prims\jni.cpp, line 516]
Event: 39.260 Thread 0x00000275e81b0d10 Exception <a 'sun/nio/fs/WindowsException'{0x00000000ead06c80}> (0x00000000ead06c80) 
thrown [s\src\hotspot\share\prims\jni.cpp, line 516]
Event: 39.270 Thread 0x00000275e81b0d10 Exception <a 'sun/nio/fs/WindowsException'{0x00000000ead39420}> (0x00000000ead39420) 
thrown [s\src\hotspot\share\prims\jni.cpp, line 516]
Event: 39.348 Thread 0x00000275e81b0840 Exception <a 'java/io/FileNotFoundException'{0x00000000eaec06c8}> (0x00000000eaec06c8) 
thrown [s\src\hotspot\share\prims\jni.cpp, line 516]
Event: 39.349 Thread 0x00000275e81b0840 Exception <a 'java/io/FileNotFoundException'{0x00000000eaec6ee8}> (0x00000000eaec6ee8) 
thrown [s\src\hotspot\share\prims\jni.cpp, line 516]
Event: 39.351 Thread 0x00000275e81af500 Exception <a 'sun/nio/fs/WindowsException'{0x00000000eaee1a40}> (0x00000000eaee1a40) 
thrown [s\src\hotspot\share\prims\jni.cpp, line 516]
Event: 39.377 Thread 0x00000275e81af500 Exception <a 'java/lang/NoSuchMethodError'{0x00000000eaf7b6f0}: 'java.lang.Object java.lang.invoke.DirectMethodHandle$Holder.invokeInterface(java.lang.Object, java.lang.Object, java.lang.Object)'> (0x00000000eaf7b6f0) 
thrown [s\src\hotspot\share\interpreter\linkResolver.cpp, line 759]
Event: 39.482 Thread 0x00000275e81af500 Exception <a 'java/io/FileNotFoundException'{0x00000000eb25d670}> (0x00000000eb25d670) 
thrown [s\src\hotspot\share\prims\jni.cpp, line 516]
Event: 39.894 Thread 0x00000275e81af500 Exception <a 'java/lang/NoSuchMethodError'{0x00000000ebbe7a98}: 'int java.lang.invoke.DirectMethodHandle$Holder.invokeStatic(java.lang.Object, java.lang.Object, java.lang.Object, int)'> (0x00000000ebbe7a98) 
thrown [s\src\hotspot\share\interpreter\linkResolver.cpp, line 759]
Event: 39.934 Thread 0x00000275e81af500 Exception <a 'java/lang/NoSuchMethodError'{0x00000000ebcc5898}: 'int java.lang.invoke.DirectMethodHandle$Holder.invokeVirtual(java.lang.Object, java.lang.Object, java.lang.Object)'> (0x00000000ebcc5898) 
thrown [s\src\hotspot\share\interpreter\linkResolver.cpp, line 759]

VM Operations (20 events):
Event: 35.595 Executing VM operation: ParallelGCFailedAllocation
Event: 35.600 Executing VM operation: ParallelGCFailedAllocation done
Event: 36.615 Executing VM operation: Cleanup
Event: 36.615 Executing VM operation: Cleanup done
Event: 37.619 Executing VM operation: Cleanup
Event: 37.619 Executing VM operation: Cleanup done
Event: 37.890 Executing VM operation: ParallelGCFailedAllocation
Event: 37.893 Executing VM operation: ParallelGCFailedAllocation done
Event: 38.307 Executing VM operation: ParallelGCFailedAllocation
Event: 38.313 Executing VM operation: ParallelGCFailedAllocation done
Event: 38.999 Executing VM operation: ParallelGCFailedAllocation
Event: 39.001 Executing VM operation: ParallelGCFailedAllocation done
Event: 39.534 Executing VM operation: HandshakeAllThreads
Event: 39.534 Executing VM operation: HandshakeAllThreads done
Event: 39.937 Executing VM operation: HandshakeAllThreads
Event: 39.937 Executing VM operation: HandshakeAllThreads done
Event: 39.952 Executing VM operation: HandshakeAllThreads
Event: 39.952 Executing VM operation: HandshakeAllThreads done
Event: 40.002 Executing VM operation: ParallelGCFailedAllocation
Event: 40.006 Executing VM operation: ParallelGCFailedAllocation done

Events (20 events):
Event: 39.493 loading class sun/nio/cs/ThreadLocalCoders
Event: 39.494 loading class sun/nio/cs/ThreadLocalCoders done
Event: 39.494 loading class sun/nio/cs/ThreadLocalCoders$1
Event: 39.494 loading class sun/nio/cs/ThreadLocalCoders$Cache
Event: 39.494 loading class sun/nio/cs/ThreadLocalCoders$Cache done
Event: 39.494 loading class sun/nio/cs/ThreadLocalCoders$1 done
Event: 39.494 loading class sun/nio/cs/ThreadLocalCoders$2
Event: 39.495 loading class sun/nio/cs/ThreadLocalCoders$2 done
Event: 39.716 loading class java/util/Hashtable$ValueCollection
Event: 39.716 loading class java/util/Hashtable$ValueCollection done
Event: 39.717 loading class java/util/WeakHashMap$KeyIterator
Event: 39.717 loading class java/util/WeakHashMap$KeyIterator done
Event: 39.737 loading class java/lang/UnsupportedClassVersionError
Event: 39.737 loading class java/lang/UnsupportedClassVersionError done
Event: 39.749 loading class jdk/internal/reflect/UnsafeQualifiedStaticIntegerFieldAccessorImpl
Event: 39.750 loading class jdk/internal/reflect/UnsafeQualifiedStaticIntegerFieldAccessorImpl done
Event: 39.935 loading class java/util/stream/ReduceOps$4
Event: 39.936 loading class java/util/stream/ReduceOps$4 done
Event: 39.937 loading class java/util/stream/ReduceOps$4ReducingSink
Event: 39.938 loading class java/util/stream/ReduceOps$4ReducingSink done


Dynamic libraries:
0x00007ff6f2240000 - 0x00007ff6f224e000 	c:\Users\HP\.vscode\extensions\redhat.java-1.10.0-win32-x64\jre\17.0.4-win32-x86_64\bin\java.exe
0x00007ffdbe740000 - 0x00007ffdbe949000 	C:\WINDOWS\SYSTEM32\ntdll.dll
0x00007ffd8b0d0000 - 0x00007ffd8b0e7000 	C:\Program Files\Avast Software\Avast\aswhook.dll
0x00007ffdbd5e0000 - 0x00007ffdbd69d000 	C:\WINDOWS\System32\KERNEL32.DLL
0x00007ffdbbce0000 - 0x00007ffdbc05b000 	C:\WINDOWS\System32\KERNELBASE.dll
0x00007ffdb9170000 - 0x00007ffdb9202000 	C:\WINDOWS\SYSTEM32\apphelp.dll
0x00007ffdbc4a0000 - 0x00007ffdbc5b1000 	C:\WINDOWS\System32\ucrtbase.dll
0x00007ffdb22e0000 - 0x00007ffdb22f8000 	c:\Users\HP\.vscode\extensions\redhat.java-1.10.0-win32-x64\jre\17.0.4-win32-x86_64\bin\jli.dll
0x00007ffdb7470000 - 0x00007ffdb7489000 	c:\Users\HP\.vscode\extensions\redhat.java-1.10.0-win32-x64\jre\17.0.4-win32-x86_64\bin\VCRUNTIME140.dll
0x00007ffdbdf50000 - 0x00007ffdbe0fd000 	C:\WINDOWS\System32\USER32.dll
0x00007ffdbbcb0000 - 0x00007ffdbbcd6000 	C:\WINDOWS\System32\win32u.dll
0x00007ffdbc650000 - 0x00007ffdbc679000 	C:\WINDOWS\System32\GDI32.dll
0x00007ffdbc150000 - 0x00007ffdbc268000 	C:\WINDOWS\System32\gdi32full.dll
0x00007ffdbbc10000 - 0x00007ffdbbcad000 	C:\WINDOWS\System32\msvcp_win.dll
0x00007ffd95210000 - 0x00007ffd954b5000 	C:\WINDOWS\WinSxS\amd64_microsoft.windows.common-controls_6595b64144ccf1df_6.0.22000.120_none_9d947278b86cc467\COMCTL32.dll
0x00007ffdbe160000 - 0x00007ffdbe203000 	C:\WINDOWS\System32\msvcrt.dll
0x00007ffdbc820000 - 0x00007ffdbc851000 	C:\WINDOWS\System32\IMM32.DLL
0x00007ffdb7db0000 - 0x00007ffdb7dbc000 	c:\Users\HP\.vscode\extensions\redhat.java-1.10.0-win32-x64\jre\17.0.4-win32-x86_64\bin\vcruntime140_1.dll
0x00007ffd74710000 - 0x00007ffd747a1000 	c:\Users\HP\.vscode\extensions\redhat.java-1.10.0-win32-x64\jre\17.0.4-win32-x86_64\bin\msvcp140.dll
0x00007ffd4e420000 - 0x00007ffd4f066000 	c:\Users\HP\.vscode\extensions\redhat.java-1.10.0-win32-x64\jre\17.0.4-win32-x86_64\bin\server\jvm.dll
0x00007ffdbd320000 - 0x00007ffdbd3ce000 	C:\WINDOWS\System32\ADVAPI32.dll
0x00007ffdbd540000 - 0x00007ffdbd5de000 	C:\WINDOWS\System32\sechost.dll
0x00007ffdbd200000 - 0x00007ffdbd320000 	C:\WINDOWS\System32\RPCRT4.dll
0x00007ffdbdf40000 - 0x00007ffdbdf48000 	C:\WINDOWS\System32\PSAPI.DLL
0x00007ffdb6fc0000 - 0x00007ffdb6fca000 	C:\WINDOWS\SYSTEM32\VERSION.dll
0x00007ffdb7b70000 - 0x00007ffdb7ba3000 	C:\WINDOWS\SYSTEM32\WINMM.dll
0x00007ffdac700000 - 0x00007ffdac709000 	C:\WINDOWS\SYSTEM32\WSOCK32.dll
0x00007ffdbd190000 - 0x00007ffdbd1ff000 	C:\WINDOWS\System32\WS2_32.dll
0x00007ffdbac90000 - 0x00007ffdbaca8000 	C:\WINDOWS\SYSTEM32\kernel.appcore.dll
0x00007ffdb7c20000 - 0x00007ffdb7c2a000 	c:\Users\HP\.vscode\extensions\redhat.java-1.10.0-win32-x64\jre\17.0.4-win32-x86_64\bin\jimage.dll
0x00007ffdaf040000 - 0x00007ffdaf261000 	C:\WINDOWS\SYSTEM32\DBGHELP.DLL
0x00007ffdaed30000 - 0x00007ffdaed61000 	C:\WINDOWS\SYSTEM32\dbgcore.DLL
0x00007ffdbc060000 - 0x00007ffdbc0df000 	C:\WINDOWS\System32\bcryptPrimitives.dll
0x00007ffdb77b0000 - 0x00007ffdb77be000 	c:\Users\HP\.vscode\extensions\redhat.java-1.10.0-win32-x64\jre\17.0.4-win32-x86_64\bin\instrument.dll
0x00007ffda4530000 - 0x00007ffda4555000 	c:\Users\HP\.vscode\extensions\redhat.java-1.10.0-win32-x64\jre\17.0.4-win32-x86_64\bin\java.dll
0x00007ffdaed10000 - 0x00007ffdaed28000 	c:\Users\HP\.vscode\extensions\redhat.java-1.10.0-win32-x64\jre\17.0.4-win32-x86_64\bin\zip.dll
0x00007ffdbc9d0000 - 0x00007ffdbd188000 	C:\WINDOWS\System32\SHELL32.dll
0x00007ffdb9d00000 - 0x00007ffdba565000 	C:\WINDOWS\SYSTEM32\windows.storage.dll
0x00007ffdbdb30000 - 0x00007ffdbdea7000 	C:\WINDOWS\System32\combase.dll
0x00007ffdb9b90000 - 0x00007ffdb9cf6000 	C:\WINDOWS\SYSTEM32\wintypes.dll
0x00007ffdbd3f0000 - 0x00007ffdbd4da000 	C:\WINDOWS\System32\SHCORE.dll
0x00007ffdbc5d0000 - 0x00007ffdbc62d000 	C:\WINDOWS\System32\shlwapi.dll
0x00007ffdbbb40000 - 0x00007ffdbbb61000 	C:\WINDOWS\SYSTEM32\profapi.dll
0x00007ffdaea80000 - 0x00007ffdaea99000 	C:\Users\HP\.vscode\extensions\redhat.java-1.10.0-win32-x64\jre\17.0.4-win32-x86_64\bin\net.dll
0x00007ffdb7140000 - 0x00007ffdb724c000 	C:\WINDOWS\SYSTEM32\WINHTTP.dll
0x00007ffdbb130000 - 0x00007ffdbb197000 	C:\WINDOWS\system32\mswsock.dll
0x00007ffda4510000 - 0x00007ffda4525000 	C:\Users\HP\.vscode\extensions\redhat.java-1.10.0-win32-x64\jre\17.0.4-win32-x86_64\bin\nio.dll
0x00007ffdb75a0000 - 0x00007ffdb75b0000 	c:\Users\HP\.vscode\extensions\redhat.java-1.10.0-win32-x64\jre\17.0.4-win32-x86_64\bin\verify.dll
0x00007ffda4280000 - 0x00007ffda42be000 	C:\Users\HP\AppData\Roaming\Code\User\globalStorage\redhat.java\1.10.0\config_win\org.eclipse.equinox.launcher\org.eclipse.equinox.launcher.win32.win32.x86_64_1.2.500.v20220509-0833\eclipse_11700.dll
0x00007ffdbc680000 - 0x00007ffdbc81a000 	C:\WINDOWS\System32\ole32.dll
0x00007ffdbb370000 - 0x00007ffdbb388000 	C:\WINDOWS\SYSTEM32\CRYPTSP.dll
0x00007ffdbabf0000 - 0x00007ffdbac25000 	C:\WINDOWS\system32\rsaenh.dll
0x00007ffdbb220000 - 0x00007ffdbb249000 	C:\WINDOWS\SYSTEM32\USERENV.dll
0x00007ffdbb500000 - 0x00007ffdbb527000 	C:\WINDOWS\SYSTEM32\bcrypt.dll
0x00007ffdbb390000 - 0x00007ffdbb39c000 	C:\WINDOWS\SYSTEM32\CRYPTBASE.dll
0x00007ffdba7c0000 - 0x00007ffdba7ed000 	C:\WINDOWS\SYSTEM32\IPHLPAPI.DLL
0x00007ffdbd3e0000 - 0x00007ffdbd3e9000 	C:\WINDOWS\System32\NSI.dll
0x00007ffdb77c0000 - 0x00007ffdb77d9000 	C:\WINDOWS\SYSTEM32\dhcpcsvc6.DLL
0x00007ffdb78e0000 - 0x00007ffdb78fe000 	C:\WINDOWS\SYSTEM32\dhcpcsvc.DLL
0x00007ffdba7f0000 - 0x00007ffdba8d8000 	C:\WINDOWS\SYSTEM32\DNSAPI.dll
0x00007ffd9d4e0000 - 0x00007ffd9d524000 	C:\Users\HP\AppData\Local\Temp\jna-2312\jna16185880975401421124.dll
0x00007ffda7400000 - 0x00007ffda740e000 	C:\Users\HP\.vscode\extensions\redhat.java-1.10.0-win32-x64\jre\17.0.4-win32-x86_64\bin\sunmscapi.dll
0x00007ffdbc330000 - 0x00007ffdbc492000 	C:\WINDOWS\System32\CRYPT32.dll
0x00007ffdbb4d0000 - 0x00007ffdbb4f8000 	C:\WINDOWS\SYSTEM32\ncrypt.dll
0x00007ffdbb490000 - 0x00007ffdbb4c7000 	C:\WINDOWS\SYSTEM32\NTASN1.dll
0x00007ffdad030000 - 0x00007ffdad03a000 	C:\Windows\System32\rasadhlp.dll
0x00007ffdb58e0000 - 0x00007ffdb5961000 	C:\WINDOWS\System32\fwpuclnt.dll

dbghelp: loaded successfully - version: 4.0.5 - missing functions: none
symbol engine: initialized successfully - sym options: 0x614 - pdb path: .;c:\Users\HP\.vscode\extensions\redhat.java-1.10.0-win32-x64\jre\17.0.4-win32-x86_64\bin;C:\WINDOWS\SYSTEM32;C:\Program Files\Avast Software\Avast;C:\WINDOWS\WinSxS\amd64_microsoft.windows.common-controls_6595b64144ccf1df_6.0.22000.120_none_9d947278b86cc467;c:\Users\HP\.vscode\extensions\redhat.java-1.10.0-win32-x64\jre\17.0.4-win32-x86_64\bin\server;C:\Users\HP\AppData\Roaming\Code\User\globalStorage\redhat.java\1.10.0\config_win\org.eclipse.equinox.launcher\org.eclipse.equinox.launcher.win32.win32.x86_64_1.2.500.v20220509-0833;C:\Users\HP\AppData\Local\Temp\jna-2312

VM Arguments:
jvm_args: --add-modules=ALL-SYSTEM --add-opens=java.base/java.util=ALL-UNNAMED --add-opens=java.base/java.lang=ALL-UNNAMED --add-opens=java.base/sun.nio.fs=ALL-UNNAMED -Declipse.application=org.eclipse.jdt.ls.core.id1 -Dosgi.bundles.defaultStartLevel=4 -Declipse.product=org.eclipse.jdt.ls.core.product -Djava.import.generatesMetadataFilesAtProjectRoot=false -Dfile.encoding=utf8 -DwatchParentProcess=false -XX:+UseParallelGC -XX:GCTimeRatio=4 -XX:AdaptiveSizePolicyWeight=90 -Dsun.zip.disableMemoryMapping=true -Xmx1G -Xms100m -Xlog:jni+resolve=off -javaagent:c:\Users\HP\.vscode\extensions\redhat.java-1.10.0-win32-x64\lombok\lombok-1.18.24.jar -XX:+HeapDumpOnOutOfMemoryError -XX:HeapDumpPath=c:\Users\HP\AppData\Roaming\Code\User\workspaceStorage\ff886ca9076839c84b5b8a14ed8b690a\redhat.java 
java_command: c:\Users\HP\.vscode\extensions\redhat.java-1.10.0-win32-x64\server\plugins\org.eclipse.equinox.launcher_1.6.400.v20210924-0641.jar -configuration c:\Users\HP\AppData\Roaming\Code\User\globalStorage\redhat.java\1.10.0\config_win -data c:\Users\HP\AppData\Roaming\Code\User\workspaceStorage\ff886ca9076839c84b5b8a14ed8b690a\redhat.java\jdt_ws
java_class_path (initial): c:\Users\HP\.vscode\extensions\redhat.java-1.10.0-win32-x64\server\plugins\org.eclipse.equinox.launcher_1.6.400.v20210924-0641.jar
Launcher Type: SUN_STANDARD

[Global flags]
    uintx AdaptiveSizePolicyWeight                 = 90                                        {product} {command line}
     intx CICompilerCount                          = 4                                         {product} {ergonomic}
    uintx GCTimeRatio                              = 4                                         {product} {command line}
     bool HeapDumpOnOutOfMemoryError               = true                                   {manageable} {command line}
    ccstr HeapDumpPath                             = c:\Users\HP\AppData\Roaming\Code\User\workspaceStorage\ff886ca9076839c84b5b8a14ed8b690a\redhat.java         {manageable} {command line}
   size_t InitialHeapSize                          = 104857600                                 {product} {command line}
   size_t MaxHeapSize                              = 1073741824                                {product} {command line}
   size_t MaxNewSize                               = 357564416                                 {product} {ergonomic}
   size_t MinHeapDeltaBytes                        = 524288                                    {product} {ergonomic}
   size_t MinHeapSize                              = 104857600                                 {product} {command line}
   size_t NewSize                                  = 34603008                                  {product} {ergonomic}
    uintx NonNMethodCodeHeapSize                   = 5839372                                {pd product} {ergonomic}
    uintx NonProfiledCodeHeapSize                  = 122909434                              {pd product} {ergonomic}
   size_t OldSize                                  = 70254592                                  {product} {ergonomic}
    uintx ProfiledCodeHeapSize                     = 122909434                              {pd product} {ergonomic}
    uintx ReservedCodeCacheSize                    = 251658240                              {pd product} {ergonomic}
     bool SegmentedCodeCache                       = true                                      {product} {ergonomic}
   size_t SoftMaxHeapSize                          = 1073741824                             {manageable} {ergonomic}
     bool UseCompressedClassPointers               = true                           {product lp64_product} {ergonomic}
     bool UseCompressedOops                        = true                           {product lp64_product} {ergonomic}
     bool UseLargePagesIndividualAllocation        = false                                  {pd product} {ergonomic}
     bool UseParallelGC                            = true                                      {product} {command line}

Logging:
Log output configuration:
 #0: stdout all=warning,jni+resolve=off uptime,level,tags
 #1: stderr all=off uptime,level,tags

Environment Variables:
PATH=C:\Program Files\Common Files\Oracle\Java\javapath;C:\Program Files (x86)\Common Files\Oracle\Java\javapath;C:\WINDOWS\system32;C:\WINDOWS;C:\WINDOWS\System32\Wbem;C:\WINDOWS\System32\WindowsPowerShell\v1.0\;C:\WINDOWS\System32\OpenSSH\;C:\Program Files (x86)\Microsoft SQL Server\110\Tools\Binn\;C:\Program Files\Microsoft SQL Server\110\Tools\Binn\;C:\Program Files\Microsoft SQL Server\110\DTS\Binn\;C:\Program Files (x86)\Microsoft SQL Server\110\Tools\Binn\ManagementStudio\;C:\Program Files (x86)\Microsoft SQL Server\110\DTS\Binn\;C:\Program Files\Git\cmd;C:\MinGW\bin;C:\Program Files\nodejs\;C:\Users\HP\AppData\Local\Programs\Python\Python310\Scripts\;C:\Users\HP\AppData\Local\Programs\Python\Python310\;C:\Users\HP\AppData\Local\Microsoft\WindowsApps;C:\MinGW\bin;C:\Users\HP\AppData\Local\Programs\Microsoft VS Code\bin;C:\Users\HP\AppData\Roaming\npm
USERNAME=HP
OS=Windows_NT
PROCESSOR_IDENTIFIER=AMD64 Family 23 Model 24 Stepping 1, AuthenticAMD
TMP=C:\Users\HP\AppData\Local\Temp
TEMP=C:\Users\HP\AppData\Local\Temp



---------------  S Y S T E M  ---------------

OS:
 Windows 11 , 64 bit Build 22000 (10.0.22000.708)
OS uptime: 23 days 17:00 hours

CPU: total 8 (initial active 8) (8 cores per cpu, 2 threads per core) family 23 model 24 stepping 1 microcode 0x0, cx8, cmov, fxsr, ht, mmx, 3dnowpref, sse, sse2, sse3, ssse3, sse4a, sse4.1, sse4.2, popcnt, lzcnt, tsc, tscinvbit, avx, avx2, aes, clmul, bmi1, bmi2, adx, sha, fma, vzeroupper, clflush, clflushopt

Memory: 4k page, system-wide physical 6020M (305M free)
TotalPageFile size 24452M (AvailPageFile size 12M)
current process WorkingSet (physical memory assigned to process): 225M, peak: 228M
current process commit charge ("private bytes"): 300M, peak: 304M

vm_info: OpenJDK 64-Bit Server VM (17.0.4+8) for windows-amd64 JRE (17.0.4+8), built on Jul 19 2022 16:05:16 by "temurin" with MS VC++ 16.7 (VS2019)

END.
